# READ_ME
# I have done the assignment 6 times, so this file made by combine 6 terminal files.
# I did the assignment using VScode, but the length of terminal out was too long, so some results (about phase_1, phase_6) disappeared before I saved it.
# I'm trying to reproduce previous procedure. I've added commands as soon as I can remember.
# This is indicated with # before the command.

# disas
00000000004012f9 <initialize_bomb>:
  4012f9:       48 83 ec 08             sub    $0x8,%rsp
  4012fd:       be 04 12 40 00          mov    $0x401204,%esi
  401302:       bf 02 00 00 00          mov    $0x2,%edi
  401307:       e8 54 f8 ff ff          callq  400b60 <signal@plt>
  40130c:       48 83 c4 08             add    $0x8,%rsp
  401310:       c3                      retq   

0000000000401311 <initialize_bomb_solve>:
  401311:       f3 c3                   repz retq 

0000000000401313 <blank_line>:
  401313:       55                      push   %rbp
  401314:       53                      push   %rbx
  401315:       48 83 ec 08             sub    $0x8,%rsp
  401319:       48 89 fd                mov    %rdi,%rbp
  40131c:       0f b6 5d 00             movzbl 0x0(%rbp),%ebx
  401320:       84 db                   test   %bl,%bl
  401322:       74 1e                   je     401342 <blank_line+0x2f>
  401324:       e8 07 f9 ff ff          callq  400c30 <__ctype_b_loc@plt>
  401329:       48 83 c5 01             add    $0x1,%rbp
  40132d:       48 0f be db             movsbq %bl,%rbx
  401331:       48 8b 00                mov    (%rax),%rax
  401334:       f6 44 58 01 20          testb  $0x20,0x1(%rax,%rbx,2)
  401339:       75 e1                   jne    40131c <blank_line+0x9>
  40133b:       b8 00 00 00 00          mov    $0x0,%eax
  401340:       eb 05                   jmp    401347 <blank_line+0x34>
  401342:       b8 01 00 00 00          mov    $0x1,%eax
  401347:       48 83 c4 08             add    $0x8,%rsp
  40134b:       5b                      pop    %rbx
  40134c:       5d                      pop    %rbp
  40134d:       c3                      retq   

000000000040134e <skip>:
  40134e:       53                      push   %rbx
  40134f:       48 63 05 26 24 20 00    movslq 0x202426(%rip),%rax        # 60377c <num_input_strings>
  401356:       48 8d 3c 80             lea    (%rax,%rax,4),%rdi
  40135a:       48 c1 e7 04             shl    $0x4,%rdi
  40135e:       48 81 c7 a0 37 60 00    add    $0x6037a0,%rdi
  401365:       48 8b 15 14 24 20 00    mov    0x202414(%rip),%rdx        # 603780 <infile>
  40136c:       be 50 00 00 00          mov    $0x50,%esi
  401371:       e8 da f7 ff ff          callq  400b50 <fgets@plt>
  401376:       48 89 c3                mov    %rax,%rbx
  401379:       48 85 c0                test   %rax,%rax
  40137c:       74 0c                   je     40138a <skip+0x3c>
  40137e:       48 89 c7                mov    %rax,%rdi
  401381:       e8 8d ff ff ff          callq  401313 <blank_line>
  401386:       85 c0                   test   %eax,%eax
  401388:       75 c5                   jne    40134f <skip+0x1>
  40138a:       48 89 d8                mov    %rbx,%rax
  40138d:       5b                      pop    %rbx
  40138e:       c3                      retq   

000000000040138f <explode_bomb>:
  40138f:       48 83 ec 08             sub    $0x8,%rsp
  401393:       bf 23 24 40 00          mov    $0x402423,%edi
  401398:       e8 43 f7 ff ff          callq  400ae0 <puts@plt>
  40139d:       bf 2c 24 40 00          mov    $0x40242c,%edi
  4013a2:       e8 39 f7 ff ff          callq  400ae0 <puts@plt>
  4013a7:       bf 08 00 00 00          mov    $0x8,%edi
  4013ac:       e8 4f f8 ff ff          callq  400c00 <exit@plt>

00000000004013b1 <read_six_numbers>:
  4013b1:       48 83 ec 08             sub    $0x8,%rsp
  4013b5:       48 89 f2                mov    %rsi,%rdx
  4013b8:       48 8d 4e 04             lea    0x4(%rsi),%rcx
  4013bc:       48 8d 46 14             lea    0x14(%rsi),%rax
  4013c0:       50                      push   %rax
  4013c1:       48 8d 46 10             lea    0x10(%rsi),%rax
  4013c5:       50                      push   %rax
  4013c6:       4c 8d 4e 0c             lea    0xc(%rsi),%r9
  4013ca:       4c 8d 46 08             lea    0x8(%rsi),%r8
  4013ce:       be 43 24 40 00          mov    $0x402443,%esi
  4013d3:       b8 00 00 00 00          mov    $0x0,%eax
  4013d8:       e8 e3 f7 ff ff          callq  400bc0 <__isoc99_sscanf@plt>
  4013dd:       48 83 c4 10             add    $0x10,%rsp
  4013e1:       83 f8 05                cmp    $0x5,%eax
  4013e4:       7e 05                   jle    4013eb <read_six_numbers+0x3a>
  4013e6:       48 83 c4 08             add    $0x8,%rsp
  4013ea:       c3                      retq   
  4013eb:       e8 9f ff ff ff          callq  40138f <explode_bomb>

00000000004013f0 <read_line>:
  4013f0:       48 83 ec 08             sub    $0x8,%rsp
  4013f4:       b8 00 00 00 00          mov    $0x0,%eax
  4013f9:       e8 50 ff ff ff          callq  40134e <skip>
  4013fe:       48 85 c0                test   %rax,%rax
  401401:       74 63                   je     401466 <read_line+0x76>
  401403:       8b 35 73 23 20 00       mov    0x202373(%rip),%esi        # 60377c <num_input_strings>
  401409:       48 63 c6                movslq %esi,%rax
  40140c:       48 8d 14 80             lea    (%rax,%rax,4),%rdx
  401410:       48 c1 e2 04             shl    $0x4,%rdx
  401414:       48 81 c2 a0 37 60 00    add    $0x6037a0,%rdx
  40141b:       48 c7 c1 ff ff ff ff    mov    $0xffffffffffffffff,%rcx
  401422:       b8 00 00 00 00          mov    $0x0,%eax
  401427:       48 89 d7                mov    %rdx,%rdi
  40142a:       f2 ae                   repnz scas %es:(%rdi),%al
  40142c:       48 f7 d1                not    %rcx
  40142f:       48 83 e9 01             sub    $0x1,%rcx
  401433:       83 f9 4e                cmp    $0x4e,%ecx
  401436:       0f 8f 9c 00 00 00       jg     4014d8 <read_line+0xe8>
  40143c:       83 e9 01                sub    $0x1,%ecx
  40143f:       48 63 c9                movslq %ecx,%rcx
  401442:       48 63 c6                movslq %esi,%rax
  401445:       48 8d 04 80             lea    (%rax,%rax,4),%rax
  401449:       48 c1 e0 04             shl    $0x4,%rax
  40144d:       c6 84 01 a0 37 60 00    movb   $0x0,0x6037a0(%rcx,%rax,1)
  401454:       00 
  401455:       8d 46 01                lea    0x1(%rsi),%eax
  401458:       89 05 1e 23 20 00       mov    %eax,0x20231e(%rip)        # 60377c <num_input_strings>
  40145e:       48 89 d0                mov    %rdx,%rax
  401461:       48 83 c4 08             add    $0x8,%rsp
  401465:       c3                      retq   
  401466:       48 8b 05 fb 22 20 00    mov    0x2022fb(%rip),%rax        # 603768 <stdin@@GLIBC_2.2.5>
  40146d:       48 39 05 0c 23 20 00    cmp    %rax,0x20230c(%rip)        # 603780 <infile>
  401474:       74 19                   je     40148f <read_line+0x9f>
  401476:       bf 73 24 40 00          mov    $0x402473,%edi
  40147b:       e8 30 f6 ff ff          callq  400ab0 <getenv@plt>
  401480:       48 85 c0                test   %rax,%rax
  401483:       74 1e                   je     4014a3 <read_line+0xb3>
  401485:       bf 00 00 00 00          mov    $0x0,%edi
  40148a:       e8 71 f7 ff ff          callq  400c00 <exit@plt>
  40148f:       bf 55 24 40 00          mov    $0x402455,%edi
  401494:       e8 47 f6 ff ff          callq  400ae0 <puts@plt>
  401499:       bf 08 00 00 00          mov    $0x8,%edi
  40149e:       e8 5d f7 ff ff          callq  400c00 <exit@plt>
  4014a3:       48 8b 05 be 22 20 00    mov    0x2022be(%rip),%rax        # 603768 <stdin@@GLIBC_2.2.5>
  4014aa:       48 89 05 cf 22 20 00    mov    %rax,0x2022cf(%rip)        # 603780 <infile>
  4014b1:       b8 00 00 00 00          mov    $0x0,%eax
  4014b6:       e8 93 fe ff ff          callq  40134e <skip>
  4014bb:       48 85 c0                test   %rax,%rax
  4014be:       0f 85 3f ff ff ff       jne    401403 <read_line+0x13>
  4014c4:       bf 55 24 40 00          mov    $0x402455,%edi
  4014c9:       e8 12 f6 ff ff          callq  400ae0 <puts@plt>
  4014ce:       bf 00 00 00 00          mov    $0x0,%edi
  4014d3:       e8 28 f7 ff ff          callq  400c00 <exit@plt>
  4014d8:       bf 7e 24 40 00          mov    $0x40247e,%edi
  4014dd:       e8 fe f5 ff ff          callq  400ae0 <puts@plt>
  4014e2:       8b 05 94 22 20 00       mov    0x202294(%rip),%eax        # 60377c <num_input_strings>
  4014e8:       8d 50 01                lea    0x1(%rax),%edx
  4014eb:       89 15 8b 22 20 00       mov    %edx,0x20228b(%rip)        # 60377c <num_input_strings>
  4014f1:       48 98                   cltq   
  4014f3:       48 6b c0 50             imul   $0x50,%rax,%rax
  4014f7:       48 be 2a 2a 2a 74 72    movabs $0x636e7572742a2a2a,%rsi
  4014fe:       75 6e 63 
  401501:       48 bf 61 74 65 64 2a    movabs $0x2a2a2a64657461,%rdi
  401508:       2a 2a 00 
  40150b:       48 89 b0 a0 37 60 00    mov    %rsi,0x6037a0(%rax)
  401512:       48 89 b8 a8 37 60 00    mov    %rdi,0x6037a8(%rax)
  401519:       e8 71 fe ff ff          callq  40138f <explode_bomb>

000000000040151e <phase_defused>:
  40151e:       83 3d 57 22 20 00 06    cmpl   $0x6,0x202257(%rip)        # 60377c <num_input_strings>
  401525:       74 02                   je     401529 <phase_defused+0xb>
  401527:       f3 c3                   repz retq 
  401529:       48 83 ec 68             sub    $0x68,%rsp
  40152d:       4c 8d 44 24 10          lea    0x10(%rsp),%r8
  401532:       48 8d 4c 24 08          lea    0x8(%rsp),%rcx
  401537:       48 8d 54 24 0c          lea    0xc(%rsp),%rdx
  40153c:       be 99 24 40 00          mov    $0x402499,%esi
  401541:       bf 90 38 60 00          mov    $0x603890,%edi
  401546:       b8 00 00 00 00          mov    $0x0,%eax
  40154b:       e8 70 f6 ff ff          callq  400bc0 <__isoc99_sscanf@plt>
  401550:       83 f8 03                cmp    $0x3,%eax
  401553:       74 0f                   je     401564 <phase_defused+0x46>
  401555:       bf d8 23 40 00          mov    $0x4023d8,%edi
  40155a:       e8 81 f5 ff ff          callq  400ae0 <puts@plt>
  40155f:       48 83 c4 68             add    $0x68,%rsp
  401563:       c3                      retq   
  401564:       be a2 24 40 00          mov    $0x4024a2,%esi
  401569:       48 8d 7c 24 10          lea    0x10(%rsp),%rdi
  40156e:       e8 1f fd ff ff          callq  401292 <strings_not_equal>
  401573:       85 c0                   test   %eax,%eax
  401575:       75 de                   jne    401555 <phase_defused+0x37>
  401577:       bf 78 23 40 00          mov    $0x402378,%edi
  40157c:       e8 5f f5 ff ff          callq  400ae0 <puts@plt>
  401581:       bf a0 23 40 00          mov    $0x4023a0,%edi
  401586:       e8 55 f5 ff ff          callq  400ae0 <puts@plt>
  40158b:       b8 00 00 00 00          mov    $0x0,%eax
  401590:       e8 1c fc ff ff          callq  4011b1 <secret_phase>
  401595:       eb be                   jmp    401555 <phase_defused+0x37>

0000000000401597 <sigalrm_handler>:
  401597:       48 83 ec 08             sub    $0x8,%rsp
  40159b:       ba 00 00 00 00          mov    $0x0,%edx
  4015a0:       be d0 24 40 00          mov    $0x4024d0,%esi
  4015a5:       48 8b 3d c4 21 20 00    mov    0x2021c4(%rip),%rdi        # 603770 <stderr@@GLIBC_2.2.5>
  4015ac:       b8 00 00 00 00          mov    $0x0,%eax
  4015b1:       e8 ca f5 ff ff          callq  400b80 <fprintf@plt>
  4015b6:       bf 01 00 00 00          mov    $0x1,%edi
  4015bb:       e8 40 f6 ff ff          callq  400c00 <exit@plt>

00000000004015c0 <rio_readlineb>:
  4015c0:       41 56                   push   %r14
  4015c2:       41 55                   push   %r13
  4015c4:       41 54                   push   %r12
  4015c6:       55                      push   %rbp
  4015c7:       53                      push   %rbx
  4015c8:       48 89 fb                mov    %rdi,%rbx
  4015cb:       49 89 f4                mov    %rsi,%r12
  4015ce:       49 89 d6                mov    %rdx,%r14
  4015d1:       41 bd 01 00 00 00       mov    $0x1,%r13d
  4015d7:       48 8d 6f 10             lea    0x10(%rdi),%rbp
  4015db:       48 83 fa 01             cmp    $0x1,%rdx
  4015df:       77 0c                   ja     4015ed <rio_readlineb+0x2d>
  4015e1:       eb 60                   jmp    401643 <rio_readlineb+0x83>
  4015e3:       e8 d8 f4 ff ff          callq  400ac0 <__errno_location@plt>
  4015e8:       83 38 04                cmpl   $0x4,(%rax)
  4015eb:       75 67                   jne    401654 <rio_readlineb+0x94>
  4015ed:       8b 43 04                mov    0x4(%rbx),%eax
  4015f0:       85 c0                   test   %eax,%eax
  4015f2:       7f 20                   jg     401614 <rio_readlineb+0x54>
  4015f4:       ba 00 20 00 00          mov    $0x2000,%edx
  4015f9:       48 89 ee                mov    %rbp,%rsi
  4015fc:       8b 3b                   mov    (%rbx),%edi
  4015fe:       e8 2d f5 ff ff          callq  400b30 <read@plt>
  401603:       89 43 04                mov    %eax,0x4(%rbx)
  401606:       85 c0                   test   %eax,%eax
  401608:       78 d9                   js     4015e3 <rio_readlineb+0x23>
  40160a:       85 c0                   test   %eax,%eax
  40160c:       74 4f                   je     40165d <rio_readlineb+0x9d>
  40160e:       48 89 6b 08             mov    %rbp,0x8(%rbx)
  401612:       eb d9                   jmp    4015ed <rio_readlineb+0x2d>
  401614:       48 8b 53 08             mov    0x8(%rbx),%rdx
  401618:       0f b6 0a                movzbl (%rdx),%ecx
  40161b:       48 83 c2 01             add    $0x1,%rdx
  40161f:       48 89 53 08             mov    %rdx,0x8(%rbx)
  401623:       83 e8 01                sub    $0x1,%eax
  401626:       89 43 04                mov    %eax,0x4(%rbx)
  401629:       49 83 c4 01             add    $0x1,%r12
  40162d:       41 88 4c 24 ff          mov    %cl,-0x1(%r12)
  401632:       80 f9 0a                cmp    $0xa,%cl
  401635:       74 0c                   je     401643 <rio_readlineb+0x83>
  401637:       41 83 c5 01             add    $0x1,%r13d
  40163b:       49 63 c5                movslq %r13d,%rax
  40163e:       4c 39 f0                cmp    %r14,%rax
  401641:       72 aa                   jb     4015ed <rio_readlineb+0x2d>
  401643:       41 c6 04 24 00          movb   $0x0,(%r12)
  401648:       49 63 c5                movslq %r13d,%rax
  40164b:       5b                      pop    %rbx
  40164c:       5d                      pop    %rbp
  40164d:       41 5c                   pop    %r12
  40164f:       41 5d                   pop    %r13
  401651:       41 5e                   pop    %r14
  401653:       c3                      retq   
  401654:       48 c7 c0 ff ff ff ff    mov    $0xffffffffffffffff,%rax
  40165b:       eb 05                   jmp    401662 <rio_readlineb+0xa2>
  40165d:       b8 00 00 00 00          mov    $0x0,%eax
  401662:       85 c0                   test   %eax,%eax
  401664:       75 0d                   jne    401673 <rio_readlineb+0xb3>
  401666:       b8 00 00 00 00          mov    $0x0,%eax
  40166b:       41 83 fd 01             cmp    $0x1,%r13d
  40166f:       75 d2                   jne    401643 <rio_readlineb+0x83>
  401671:       eb d8                   jmp    40164b <rio_readlineb+0x8b>
  401673:       48 c7 c0 ff ff ff ff    mov    $0xffffffffffffffff,%rax
  40167a:       eb cf                   jmp    40164b <rio_readlineb+0x8b>

000000000040167c <submitr>:
  40167c:       41 57                   push   %r15
  40167e:       41 56                   push   %r14
  401680:       41 55                   push   %r13
  401682:       41 54                   push   %r12
  401684:       55                      push   %rbp
  401685:       53                      push   %rbx
  401686:       48 81 ec 68 a0 00 00    sub    $0xa068,%rsp
  40168d:       48 89 fd                mov    %rdi,%rbp
  401690:       41 89 f5                mov    %esi,%r13d
  401693:       48 89 14 24             mov    %rdx,(%rsp)
  401697:       48 89 4c 24 08          mov    %rcx,0x8(%rsp)
  40169c:       4c 89 44 24 18          mov    %r8,0x18(%rsp)
  4016a1:       4c 89 4c 24 10          mov    %r9,0x10(%rsp)
  4016a6:       48 8b 9c 24 a0 a0 00    mov    0xa0a0(%rsp),%rbx
  4016ad:       00 
  4016ae:       4c 8b bc 24 a8 a0 00    mov    0xa0a8(%rsp),%r15
  4016b5:       00 
  4016b6:       c7 84 24 3c 20 00 00    movl   $0x0,0x203c(%rsp)
  4016bd:       00 00 00 00 
  4016c1:       ba 00 00 00 00          mov    $0x0,%edx
  4016c6:       be 01 00 00 00          mov    $0x1,%esi
  4016cb:       bf 02 00 00 00          mov    $0x2,%edi
  4016d0:       e8 6b f5 ff ff          callq  400c40 <socket@plt>
  4016d5:       85 c0                   test   %eax,%eax
  4016d7:       0f 88 22 01 00 00       js     4017ff <submitr+0x183>
  4016dd:       41 89 c4                mov    %eax,%r12d
  4016e0:       48 89 ef                mov    %rbp,%rdi
  4016e3:       e8 88 f4 ff ff          callq  400b70 <gethostbyname@plt>
  4016e8:       48 85 c0                test   %rax,%rax
  4016eb:       0f 84 5e 01 00 00       je     40184f <submitr+0x1d3>
  4016f1:       48 c7 84 24 50 a0 00    movq   $0x0,0xa050(%rsp)
  4016f8:       00 00 00 00 00 
  4016fd:       48 c7 84 24 58 a0 00    movq   $0x0,0xa058(%rsp)
  401704:       00 00 00 00 00 
  401709:       66 c7 84 24 50 a0 00    movw   $0x2,0xa050(%rsp)
  401710:       00 02 00 
  401713:       48 63 50 14             movslq 0x14(%rax),%rdx
  401717:       48 8d b4 24 54 a0 00    lea    0xa054(%rsp),%rsi
  40171e:       00 
  40171f:       48 8b 40 18             mov    0x18(%rax),%rax
  401723:       48 8b 38                mov    (%rax),%rdi
  401726:       e8 a5 f4 ff ff          callq  400bd0 <bcopy@plt>
  40172b:       66 41 c1 cd 08          ror    $0x8,%r13w
  401730:       66 44 89 ac 24 52 a0    mov    %r13w,0xa052(%rsp)
  401737:       00 00 
  401739:       ba 10 00 00 00          mov    $0x10,%edx
  40173e:       48 8d b4 24 50 a0 00    lea    0xa050(%rsp),%rsi
  401745:       00 
  401746:       44 89 e7                mov    %r12d,%edi
  401749:       e8 c2 f4 ff ff          callq  400c10 <connect@plt>
  40174e:       85 c0                   test   %eax,%eax
  401750:       0f 88 64 01 00 00       js     4018ba <submitr+0x23e>
  401756:       49 c7 c1 ff ff ff ff    mov    $0xffffffffffffffff,%r9
  40175d:       b8 00 00 00 00          mov    $0x0,%eax
  401762:       4c 89 c9                mov    %r9,%rcx
  401765:       48 89 df                mov    %rbx,%rdi
  401768:       f2 ae                   repnz scas %es:(%rdi),%al
  40176a:       48 f7 d1                not    %rcx
  40176d:       48 89 ce                mov    %rcx,%rsi
  401770:       4c 89 c9                mov    %r9,%rcx
  401773:       48 8b 3c 24             mov    (%rsp),%rdi
  401777:       f2 ae                   repnz scas %es:(%rdi),%al
  401779:       49 89 c8                mov    %rcx,%r8
  40177c:       4c 89 c9                mov    %r9,%rcx
  40177f:       48 8b 7c 24 08          mov    0x8(%rsp),%rdi
  401784:       f2 ae                   repnz scas %es:(%rdi),%al
  401786:       48 f7 d1                not    %rcx
  401789:       48 89 ca                mov    %rcx,%rdx
  40178c:       4c 89 c9                mov    %r9,%rcx
  40178f:       48 8b 7c 24 10          mov    0x10(%rsp),%rdi
  401794:       f2 ae                   repnz scas %es:(%rdi),%al
  401796:       4c 29 c2                sub    %r8,%rdx
  401799:       48 29 ca                sub    %rcx,%rdx
  40179c:       48 8d 44 76 fd          lea    -0x3(%rsi,%rsi,2),%rax
  4017a1:       48 8d 44 02 7b          lea    0x7b(%rdx,%rax,1),%rax
  4017a6:       48 3d 00 20 00 00       cmp    $0x2000,%rax
  4017ac:       0f 87 65 01 00 00       ja     401917 <submitr+0x29b>
  4017b2:       48 8d 94 24 40 40 00    lea    0x4040(%rsp),%rdx
  4017b9:       00 
  4017ba:       b9 00 04 00 00          mov    $0x400,%ecx
  4017bf:       b8 00 00 00 00          mov    $0x0,%eax
  4017c4:       48 89 d7                mov    %rdx,%rdi
  4017c7:       f3 48 ab                rep stos %rax,%es:(%rdi)
  4017ca:       48 c7 c1 ff ff ff ff    mov    $0xffffffffffffffff,%rcx
  4017d1:       48 89 df                mov    %rbx,%rdi
  4017d4:       f2 ae                   repnz scas %es:(%rdi),%al
  4017d6:       48 f7 d1                not    %rcx
  4017d9:       48 83 e9 01             sub    $0x1,%rcx
  4017dd:       85 c9                   test   %ecx,%ecx
  4017df:       0f 84 f9 05 00 00       je     401dde <submitr+0x762>
  4017e5:       8d 41 ff                lea    -0x1(%rcx),%eax
  4017e8:       4c 8d 74 03 01          lea    0x1(%rbx,%rax,1),%r14
  4017ed:       48 89 d5                mov    %rdx,%rbp
  4017f0:       49 bd d9 ff 00 00 00    movabs $0x2000000000ffd9,%r13
  4017f7:       00 20 00 
  4017fa:       e9 a5 01 00 00          jmpq   4019a4 <submitr+0x328>
  4017ff:       48 b8 45 72 72 6f 72    movabs $0x43203a726f727245,%rax
  401806:       3a 20 43 
  401809:       48 ba 6c 69 65 6e 74    movabs $0x6e7520746e65696c,%rdx
  401810:       20 75 6e 
  401813:       49 89 07                mov    %rax,(%r15)
  401816:       49 89 57 08             mov    %rdx,0x8(%r15)
  40181a:       48 b8 61 62 6c 65 20    movabs $0x206f7420656c6261,%rax
  401821:       74 6f 20 
  401824:       48 ba 63 72 65 61 74    movabs $0x7320657461657263,%rdx
  40182b:       65 20 73 
  40182e:       49 89 47 10             mov    %rax,0x10(%r15)
  401832:       49 89 57 18             mov    %rdx,0x18(%r15)
  401836:       41 c7 47 20 6f 63 6b    movl   $0x656b636f,0x20(%r15)
  40183d:       65 
  40183e:       66 41 c7 47 24 74 00    movw   $0x74,0x24(%r15)
  401845:       b8 ff ff ff ff          mov    $0xffffffff,%eax
  40184a:       e9 16 04 00 00          jmpq   401c65 <submitr+0x5e9>
  40184f:       48 b8 45 72 72 6f 72    movabs $0x44203a726f727245,%rax
  401856:       3a 20 44 
  401859:       48 ba 4e 53 20 69 73    movabs $0x6e7520736920534e,%rdx
  401860:       20 75 6e 
  401863:       49 89 07                mov    %rax,(%r15)
  401866:       49 89 57 08             mov    %rdx,0x8(%r15)
  40186a:       48 b8 61 62 6c 65 20    movabs $0x206f7420656c6261,%rax
  401871:       74 6f 20 
  401874:       48 ba 72 65 73 6f 6c    movabs $0x2065766c6f736572,%rdx
  40187b:       76 65 20 
  40187e:       49 89 47 10             mov    %rax,0x10(%r15)
  401882:       49 89 57 18             mov    %rdx,0x18(%r15)
  401886:       48 b8 73 65 72 76 65    movabs $0x6120726576726573,%rax
  40188d:       72 20 61 
  401890:       49 89 47 20             mov    %rax,0x20(%r15)
  401894:       41 c7 47 28 64 64 72    movl   $0x65726464,0x28(%r15)
  40189b:       65 
  40189c:       66 41 c7 47 2c 73 73    movw   $0x7373,0x2c(%r15)
  4018a3:       41 c6 47 2e 00          movb   $0x0,0x2e(%r15)
  4018a8:       44 89 e7                mov    %r12d,%edi
  4018ab:       e8 70 f2 ff ff          callq  400b20 <close@plt>
  4018b0:       b8 ff ff ff ff          mov    $0xffffffff,%eax
  4018b5:       e9 ab 03 00 00          jmpq   401c65 <submitr+0x5e9>
  4018ba:       48 b8 45 72 72 6f 72    movabs $0x55203a726f727245,%rax
  4018c1:       3a 20 55 
  4018c4:       48 ba 6e 61 62 6c 65    movabs $0x6f7420656c62616e,%rdx
  4018cb:       20 74 6f 
  4018ce:       49 89 07                mov    %rax,(%r15)
  4018d1:       49 89 57 08             mov    %rdx,0x8(%r15)
  4018d5:       48 b8 20 63 6f 6e 6e    movabs $0x7463656e6e6f6320,%rax
  4018dc:       65 63 74 
  4018df:       48 ba 20 74 6f 20 74    movabs $0x20656874206f7420,%rdx
  4018e6:       68 65 20 
  4018e9:       49 89 47 10             mov    %rax,0x10(%r15)
  4018ed:       49 89 57 18             mov    %rdx,0x18(%r15)
  4018f1:       41 c7 47 20 73 65 72    movl   $0x76726573,0x20(%r15)
  4018f8:       76 
  4018f9:       66 41 c7 47 24 65 72    movw   $0x7265,0x24(%r15)
  401900:       41 c6 47 26 00          movb   $0x0,0x26(%r15)
  401905:       44 89 e7                mov    %r12d,%edi
  401908:       e8 13 f2 ff ff          callq  400b20 <close@plt>
  40190d:       b8 ff ff ff ff          mov    $0xffffffff,%eax
  401912:       e9 4e 03 00 00          jmpq   401c65 <submitr+0x5e9>
  401917:       48 b8 45 72 72 6f 72    movabs $0x52203a726f727245,%rax
  40191e:       3a 20 52 
  401921:       48 ba 65 73 75 6c 74    movabs $0x747320746c757365,%rdx
  401928:       20 73 74 
  40192b:       49 89 07                mov    %rax,(%r15)
  40192e:       49 89 57 08             mov    %rdx,0x8(%r15)
  401932:       48 b8 72 69 6e 67 20    movabs $0x6f6f7420676e6972,%rax
  401939:       74 6f 6f 
  40193c:       48 ba 20 6c 61 72 67    movabs $0x202e656772616c20,%rdx
  401943:       65 2e 20 
  401946:       49 89 47 10             mov    %rax,0x10(%r15)
  40194a:       49 89 57 18             mov    %rdx,0x18(%r15)
  40194e:       48 b8 49 6e 63 72 65    movabs $0x6573616572636e49,%rax
  401955:       61 73 65 
  401958:       48 ba 20 53 55 42 4d    movabs $0x5254494d42555320,%rdx
  40195f:       49 54 52 
  401962:       49 89 47 20             mov    %rax,0x20(%r15)
  401966:       49 89 57 28             mov    %rdx,0x28(%r15)
  40196a:       48 b8 5f 4d 41 58 42    movabs $0x46554258414d5f,%rax
  401971:       55 46 00 
  401974:       49 89 47 30             mov    %rax,0x30(%r15)
  401978:       44 89 e7                mov    %r12d,%edi
  40197b:       e8 a0 f1 ff ff          callq  400b20 <close@plt>
  401980:       b8 ff ff ff ff          mov    $0xffffffff,%eax
  401985:       e9 db 02 00 00          jmpq   401c65 <submitr+0x5e9>
  40198a:       49 0f a3 d5             bt     %rdx,%r13
  40198e:       73 1f                   jae    4019af <submitr+0x333>
  401990:       88 45 00                mov    %al,0x0(%rbp)
  401993:       48 8d 6d 01             lea    0x1(%rbp),%rbp
  401997:       48 83 c3 01             add    $0x1,%rbx
  40199b:       49 39 de                cmp    %rbx,%r14
  40199e:       0f 84 3a 04 00 00       je     401dde <submitr+0x762>
  4019a4:       0f b6 03                movzbl (%rbx),%eax
  4019a7:       8d 50 d6                lea    -0x2a(%rax),%edx
  4019aa:       80 fa 35                cmp    $0x35,%dl
  4019ad:       76 db                   jbe    40198a <submitr+0x30e>
  4019af:       89 c2                   mov    %eax,%edx
  4019b1:       83 e2 df                and    $0xffffffdf,%edx
  4019b4:       83 ea 41                sub    $0x41,%edx
  4019b7:       80 fa 19                cmp    $0x19,%dl
  4019ba:       76 d4                   jbe    401990 <submitr+0x314>
  4019bc:       3c 20                   cmp    $0x20,%al
  4019be:       74 45                   je     401a05 <submitr+0x389>
  4019c0:       8d 50 e0                lea    -0x20(%rax),%edx
  4019c3:       80 fa 5f                cmp    $0x5f,%dl
  4019c6:       76 08                   jbe    4019d0 <submitr+0x354>
  4019c8:       3c 09                   cmp    $0x9,%al
  4019ca:       0f 85 81 03 00 00       jne    401d51 <submitr+0x6d5>
  4019d0:       0f b6 d0                movzbl %al,%edx
  4019d3:       be a8 25 40 00          mov    $0x4025a8,%esi
  4019d8:       48 8d 7c 24 28          lea    0x28(%rsp),%rdi
  4019dd:       b8 00 00 00 00          mov    $0x0,%eax
  4019e2:       e8 09 f2 ff ff          callq  400bf0 <sprintf@plt>
  4019e7:       0f b6 44 24 28          movzbl 0x28(%rsp),%eax
  4019ec:       88 45 00                mov    %al,0x0(%rbp)
  4019ef:       0f b6 44 24 29          movzbl 0x29(%rsp),%eax
  4019f4:       88 45 01                mov    %al,0x1(%rbp)
  4019f7:       0f b6 44 24 2a          movzbl 0x2a(%rsp),%eax
  4019fc:       88 45 02                mov    %al,0x2(%rbp)
  4019ff:       48 8d 6d 03             lea    0x3(%rbp),%rbp
  401a03:       eb 92                   jmp    401997 <submitr+0x31b>
  401a05:       c6 45 00 2b             movb   $0x2b,0x0(%rbp)
  401a09:       48 8d 6d 01             lea    0x1(%rbp),%rbp
  401a0d:       eb 88                   jmp    401997 <submitr+0x31b>
  401a0f:       49 01 c5                add    %rax,%r13
  401a12:       48 29 c5                sub    %rax,%rbp
  401a15:       74 26                   je     401a3d <submitr+0x3c1>
  401a17:       48 89 ea                mov    %rbp,%rdx
  401a1a:       4c 89 ee                mov    %r13,%rsi
  401a1d:       44 89 e7                mov    %r12d,%edi
  401a20:       e8 cb f0 ff ff          callq  400af0 <write@plt>
  401a25:       48 85 c0                test   %rax,%rax
  401a28:       7f e5                   jg     401a0f <submitr+0x393>
  401a2a:       e8 91 f0 ff ff          callq  400ac0 <__errno_location@plt>
  401a2f:       83 38 04                cmpl   $0x4,(%rax)
  401a32:       0f 85 bc 00 00 00       jne    401af4 <submitr+0x478>
  401a38:       4c 89 f0                mov    %r14,%rax
  401a3b:       eb d2                   jmp    401a0f <submitr+0x393>
  401a3d:       48 85 db                test   %rbx,%rbx
  401a40:       0f 88 ae 00 00 00       js     401af4 <submitr+0x478>
  401a46:       44 89 a4 24 40 80 00    mov    %r12d,0x8040(%rsp)
  401a4d:       00 
  401a4e:       c7 84 24 44 80 00 00    movl   $0x0,0x8044(%rsp)
  401a55:       00 00 00 00 
  401a59:       48 8d 84 24 50 80 00    lea    0x8050(%rsp),%rax
  401a60:       00 
  401a61:       48 89 84 24 48 80 00    mov    %rax,0x8048(%rsp)
  401a68:       00 
  401a69:       ba 00 20 00 00          mov    $0x2000,%edx
  401a6e:       48 8d b4 24 40 60 00    lea    0x6040(%rsp),%rsi
  401a75:       00 
  401a76:       48 8d bc 24 40 80 00    lea    0x8040(%rsp),%rdi
  401a7d:       00 
  401a7e:       e8 3d fb ff ff          callq  4015c0 <rio_readlineb>
  401a83:       48 85 c0                test   %rax,%rax
  401a86:       0f 8e c7 00 00 00       jle    401b53 <submitr+0x4d7>
  401a8c:       4c 8d 44 24 30          lea    0x30(%rsp),%r8
  401a91:       48 8d 8c 24 3c 20 00    lea    0x203c(%rsp),%rcx
  401a98:       00 
  401a99:       48 8d 94 24 40 20 00    lea    0x2040(%rsp),%rdx
  401aa0:       00 
  401aa1:       be af 25 40 00          mov    $0x4025af,%esi
  401aa6:       48 8d bc 24 40 60 00    lea    0x6040(%rsp),%rdi
  401aad:       00 
  401aae:       b8 00 00 00 00          mov    $0x0,%eax
  401ab3:       e8 08 f1 ff ff          callq  400bc0 <__isoc99_sscanf@plt>
  401ab8:       8b 94 24 3c 20 00 00    mov    0x203c(%rsp),%edx
  401abf:       81 fa c8 00 00 00       cmp    $0xc8,%edx
  401ac5:       0f 84 1f 01 00 00       je     401bea <submitr+0x56e>
  401acb:       48 8d 4c 24 30          lea    0x30(%rsp),%rcx
  401ad0:       be f8 24 40 00          mov    $0x4024f8,%esi
  401ad5:       4c 89 ff                mov    %r15,%rdi
  401ad8:       b8 00 00 00 00          mov    $0x0,%eax
  401add:       e8 0e f1 ff ff          callq  400bf0 <sprintf@plt>
  401ae2:       44 89 e7                mov    %r12d,%edi
  401ae5:       e8 36 f0 ff ff          callq  400b20 <close@plt>
  401aea:       b8 ff ff ff ff          mov    $0xffffffff,%eax
  401aef:       e9 71 01 00 00          jmpq   401c65 <submitr+0x5e9>
  401af4:       48 b8 45 72 72 6f 72    movabs $0x43203a726f727245,%rax
  401afb:       3a 20 43 
  401afe:       48 ba 6c 69 65 6e 74    movabs $0x6e7520746e65696c,%rdx
  401b05:       20 75 6e 
  401b08:       49 89 07                mov    %rax,(%r15)
  401b0b:       49 89 57 08             mov    %rdx,0x8(%r15)
  401b0f:       48 b8 61 62 6c 65 20    movabs $0x206f7420656c6261,%rax
  401b16:       74 6f 20 
  401b19:       48 ba 77 72 69 74 65    movabs $0x6f74206574697277,%rdx
  401b20:       20 74 6f 
  401b23:       49 89 47 10             mov    %rax,0x10(%r15)
  401b27:       49 89 57 18             mov    %rdx,0x18(%r15)
  401b2b:       48 b8 20 74 68 65 20    movabs $0x7265732065687420,%rax
  401b32:       73 65 72 
  401b35:       49 89 47 20             mov    %rax,0x20(%r15)
  401b39:       41 c7 47 28 76 65 72    movl   $0x726576,0x28(%r15)
  401b40:       00 
  401b41:       44 89 e7                mov    %r12d,%edi
  401b44:       e8 d7 ef ff ff          callq  400b20 <close@plt>
  401b49:       b8 ff ff ff ff          mov    $0xffffffff,%eax
  401b4e:       e9 12 01 00 00          jmpq   401c65 <submitr+0x5e9>
  401b53:       48 b8 45 72 72 6f 72    movabs $0x43203a726f727245,%rax
  401b5a:       3a 20 43 
  401b5d:       48 ba 6c 69 65 6e 74    movabs $0x6e7520746e65696c,%rdx
  401b64:       20 75 6e 
  401b67:       49 89 07                mov    %rax,(%r15)
  401b6a:       49 89 57 08             mov    %rdx,0x8(%r15)
  401b6e:       48 b8 61 62 6c 65 20    movabs $0x206f7420656c6261,%rax
  401b75:       74 6f 20 
  401b78:       48 ba 72 65 61 64 20    movabs $0x7269662064616572,%rdx
  401b7f:       66 69 72 
  401b82:       49 89 47 10             mov    %rax,0x10(%r15)
  401b86:       49 89 57 18             mov    %rdx,0x18(%r15)
  401b8a:       48 b8 73 74 20 68 65    movabs $0x6564616568207473,%rax
  401b91:       61 64 65 
  401b94:       48 ba 72 20 66 72 6f    movabs $0x73206d6f72662072,%rdx
  401b9b:       6d 20 73 
  401b9e:       49 89 47 20             mov    %rax,0x20(%r15)
  401ba2:       49 89 57 28             mov    %rdx,0x28(%r15)
  401ba6:       41 c7 47 30 65 72 76    movl   $0x65767265,0x30(%r15)
  401bad:       65 
  401bae:       66 41 c7 47 34 72 00    movw   $0x72,0x34(%r15)
  401bb5:       44 89 e7                mov    %r12d,%edi
  401bb8:       e8 63 ef ff ff          callq  400b20 <close@plt>
  401bbd:       b8 ff ff ff ff          mov    $0xffffffff,%eax
  401bc2:       e9 9e 00 00 00          jmpq   401c65 <submitr+0x5e9>
  401bc7:       ba 00 20 00 00          mov    $0x2000,%edx
  401bcc:       48 8d b4 24 40 60 00    lea    0x6040(%rsp),%rsi
  401bd3:       00 
  401bd4:       48 8d bc 24 40 80 00    lea    0x8040(%rsp),%rdi
  401bdb:       00 
  401bdc:       e8 df f9 ff ff          callq  4015c0 <rio_readlineb>
  401be1:       48 85 c0                test   %rax,%rax
  401be4:       0f 8e 8d 00 00 00       jle    401c77 <submitr+0x5fb>
  401bea:       80 bc 24 40 60 00 00    cmpb   $0xd,0x6040(%rsp)
  401bf1:       0d 
  401bf2:       75 d3                   jne    401bc7 <submitr+0x54b>
  401bf4:       80 bc 24 41 60 00 00    cmpb   $0xa,0x6041(%rsp)
  401bfb:       0a 
  401bfc:       75 c9                   jne    401bc7 <submitr+0x54b>
  401bfe:       80 bc 24 42 60 00 00    cmpb   $0x0,0x6042(%rsp)
  401c05:       00 
  401c06:       75 bf                   jne    401bc7 <submitr+0x54b>
  401c08:       ba 00 20 00 00          mov    $0x2000,%edx
  401c0d:       48 8d b4 24 40 60 00    lea    0x6040(%rsp),%rsi
  401c14:       00 
  401c15:       48 8d bc 24 40 80 00    lea    0x8040(%rsp),%rdi
  401c1c:       00 
  401c1d:       e8 9e f9 ff ff          callq  4015c0 <rio_readlineb>
  401c22:       48 85 c0                test   %rax,%rax
  401c25:       0f 8e b3 00 00 00       jle    401cde <submitr+0x662>
  401c2b:       48 8d b4 24 40 60 00    lea    0x6040(%rsp),%rsi
  401c32:       00 
  401c33:       4c 89 ff                mov    %r15,%rdi
  401c36:       e8 95 ee ff ff          callq  400ad0 <strcpy@plt>
  401c3b:       44 89 e7                mov    %r12d,%edi
  401c3e:       e8 dd ee ff ff          callq  400b20 <close@plt>
  401c43:       41 0f b6 07             movzbl (%r15),%eax
  401c47:       83 e8 4f                sub    $0x4f,%eax
  401c4a:       75 0f                   jne    401c5b <submitr+0x5df>
  401c4c:       41 0f b6 47 01          movzbl 0x1(%r15),%eax
  401c51:       83 e8 4b                sub    $0x4b,%eax
  401c54:       75 05                   jne    401c5b <submitr+0x5df>
  401c56:       41 0f b6 47 02          movzbl 0x2(%r15),%eax
  401c5b:       85 c0                   test   %eax,%eax
  401c5d:       0f 95 c0                setne  %al
  401c60:       0f b6 c0                movzbl %al,%eax
  401c63:       f7 d8                   neg    %eax
  401c65:       48 81 c4 68 a0 00 00    add    $0xa068,%rsp
  401c6c:       5b                      pop    %rbx
  401c6d:       5d                      pop    %rbp
  401c6e:       41 5c                   pop    %r12
  401c70:       41 5d                   pop    %r13
  401c72:       41 5e                   pop    %r14
  401c74:       41 5f                   pop    %r15
  401c76:       c3                      retq   
  401c77:       48 b8 45 72 72 6f 72    movabs $0x43203a726f727245,%rax
  401c7e:       3a 20 43 
  401c81:       48 ba 6c 69 65 6e 74    movabs $0x6e7520746e65696c,%rdx
  401c88:       20 75 6e 
  401c8b:       49 89 07                mov    %rax,(%r15)
  401c8e:       49 89 57 08             mov    %rdx,0x8(%r15)
  401c92:       48 b8 61 62 6c 65 20    movabs $0x206f7420656c6261,%rax
  401c99:       74 6f 20 
  401c9c:       48 ba 72 65 61 64 20    movabs $0x6165682064616572,%rdx
  401ca3:       68 65 61 
  401ca6:       49 89 47 10             mov    %rax,0x10(%r15)
  401caa:       49 89 57 18             mov    %rdx,0x18(%r15)
  401cae:       48 b8 64 65 72 73 20    movabs $0x6f72662073726564,%rax
  401cb5:       66 72 6f 
  401cb8:       48 ba 6d 20 73 65 72    movabs $0x726576726573206d,%rdx
  401cbf:       76 65 72 
  401cc2:       49 89 47 20             mov    %rax,0x20(%r15)
  401cc6:       49 89 57 28             mov    %rdx,0x28(%r15)
  401cca:       41 c6 47 30 00          movb   $0x0,0x30(%r15)
  401ccf:       44 89 e7                mov    %r12d,%edi
  401cd2:       e8 49 ee ff ff          callq  400b20 <close@plt>
  401cd7:       b8 ff ff ff ff          mov    $0xffffffff,%eax
  401cdc:       eb 87                   jmp    401c65 <submitr+0x5e9>
  401cde:       48 b8 45 72 72 6f 72    movabs $0x43203a726f727245,%rax
  401ce5:       3a 20 43 
  401ce8:       48 ba 6c 69 65 6e 74    movabs $0x6e7520746e65696c,%rdx
  401cef:       20 75 6e 
  401cf2:       49 89 07                mov    %rax,(%r15)
  401cf5:       49 89 57 08             mov    %rdx,0x8(%r15)
  401cf9:       48 b8 61 62 6c 65 20    movabs $0x206f7420656c6261,%rax
  401d00:       74 6f 20 
  401d03:       48 ba 72 65 61 64 20    movabs $0x6174732064616572,%rdx
  401d0a:       73 74 61 
  401d0d:       49 89 47 10             mov    %rax,0x10(%r15)
  401d11:       49 89 57 18             mov    %rdx,0x18(%r15)
  401d15:       48 b8 74 75 73 20 6d    movabs $0x7373656d20737574,%rax
  401d1c:       65 73 73 
  401d1f:       48 ba 61 67 65 20 66    movabs $0x6d6f726620656761,%rdx
  401d26:       72 6f 6d 
  401d29:       49 89 47 20             mov    %rax,0x20(%r15)
  401d2d:       49 89 57 28             mov    %rdx,0x28(%r15)
  401d31:       48 b8 20 73 65 72 76    movabs $0x72657672657320,%rax
  401d38:       65 72 00 
  401d3b:       49 89 47 30             mov    %rax,0x30(%r15)
  401d3f:       44 89 e7                mov    %r12d,%edi
  401d42:       e8 d9 ed ff ff          callq  400b20 <close@plt>
  401d47:       b8 ff ff ff ff          mov    $0xffffffff,%eax
  401d4c:       e9 14 ff ff ff          jmpq   401c65 <submitr+0x5e9>
  401d51:       48 b8 45 72 72 6f 72    movabs $0x52203a726f727245,%rax
  401d58:       3a 20 52 
  401d5b:       48 ba 65 73 75 6c 74    movabs $0x747320746c757365,%rdx
  401d62:       20 73 74 
  401d65:       49 89 07                mov    %rax,(%r15)
  401d68:       49 89 57 08             mov    %rdx,0x8(%r15)
  401d6c:       48 b8 72 69 6e 67 20    movabs $0x6e6f6320676e6972,%rax
  401d73:       63 6f 6e 
  401d76:       48 ba 74 61 69 6e 73    movabs $0x6e6120736e696174,%rdx
  401d7d:       20 61 6e 
  401d80:       49 89 47 10             mov    %rax,0x10(%r15)
  401d84:       49 89 57 18             mov    %rdx,0x18(%r15)
  401d88:       48 b8 20 69 6c 6c 65    movabs $0x6c6167656c6c6920,%rax
  401d8f:       67 61 6c 
  401d92:       48 ba 20 6f 72 20 75    movabs $0x72706e7520726f20,%rdx
  401d99:       6e 70 72 
  401d9c:       49 89 47 20             mov    %rax,0x20(%r15)
  401da0:       49 89 57 28             mov    %rdx,0x28(%r15)
  401da4:       48 b8 69 6e 74 61 62    movabs $0x20656c6261746e69,%rax
  401dab:       6c 65 20 
  401dae:       48 ba 63 68 61 72 61    movabs $0x6574636172616863,%rdx
  401db5:       63 74 65 
  401db8:       49 89 47 30             mov    %rax,0x30(%r15)
  401dbc:       49 89 57 38             mov    %rdx,0x38(%r15)
  401dc0:       66 41 c7 47 40 72 2e    movw   $0x2e72,0x40(%r15)
  401dc7:       41 c6 47 42 00          movb   $0x0,0x42(%r15)
  401dcc:       44 89 e7                mov    %r12d,%edi
  401dcf:       e8 4c ed ff ff          callq  400b20 <close@plt>
  401dd4:       b8 ff ff ff ff          mov    $0xffffffff,%eax
  401dd9:       e9 87 fe ff ff          jmpq   401c65 <submitr+0x5e9>
  401dde:       48 8d 9c 24 40 60 00    lea    0x6040(%rsp),%rbx
  401de5:       00 
  401de6:       48 83 ec 08             sub    $0x8,%rsp
  401dea:       48 8d 84 24 48 40 00    lea    0x4048(%rsp),%rax
  401df1:       00 
  401df2:       50                      push   %rax
  401df3:       4c 8b 4c 24 20          mov    0x20(%rsp),%r9
  401df8:       4c 8b 44 24 28          mov    0x28(%rsp),%r8
  401dfd:       48 8b 4c 24 18          mov    0x18(%rsp),%rcx
  401e02:       48 8b 54 24 10          mov    0x10(%rsp),%rdx
  401e07:       be 28 25 40 00          mov    $0x402528,%esi
  401e0c:       48 89 df                mov    %rbx,%rdi
  401e0f:       b8 00 00 00 00          mov    $0x0,%eax
  401e14:       e8 d7 ed ff ff          callq  400bf0 <sprintf@plt>
  401e19:       48 c7 c1 ff ff ff ff    mov    $0xffffffffffffffff,%rcx
  401e20:       b8 00 00 00 00          mov    $0x0,%eax
  401e25:       48 89 df                mov    %rbx,%rdi
  401e28:       f2 ae                   repnz scas %es:(%rdi),%al
  401e2a:       48 f7 d1                not    %rcx
  401e2d:       48 89 cb                mov    %rcx,%rbx
  401e30:       48 83 eb 01             sub    $0x1,%rbx
  401e34:       48 83 c4 10             add    $0x10,%rsp
  401e38:       48 89 dd                mov    %rbx,%rbp
  401e3b:       4c 8d ac 24 40 60 00    lea    0x6040(%rsp),%r13
  401e42:       00 
  401e43:       41 be 00 00 00 00       mov    $0x0,%r14d
  401e49:       48 85 db                test   %rbx,%rbx
  401e4c:       0f 85 c5 fb ff ff       jne    401a17 <submitr+0x39b>
  401e52:       e9 ef fb ff ff          jmpq   401a46 <submitr+0x3ca>

0000000000401e57 <init_timeout>:
  401e57:       85 ff                   test   %edi,%edi
  401e59:       74 23                   je     401e7e <init_timeout+0x27>
  401e5b:       53                      push   %rbx
  401e5c:       89 fb                   mov    %edi,%ebx
  401e5e:       be 97 15 40 00          mov    $0x401597,%esi
  401e63:       bf 0e 00 00 00          mov    $0xe,%edi
  401e68:       e8 f3 ec ff ff          callq  400b60 <signal@plt>
  401e6d:       85 db                   test   %ebx,%ebx
  401e6f:       bf 00 00 00 00          mov    $0x0,%edi
  401e74:       0f 49 fb                cmovns %ebx,%edi
  401e77:       e8 94 ec ff ff          callq  400b10 <alarm@plt>
  401e7c:       5b                      pop    %rbx
  401e7d:       c3                      retq   
  401e7e:       f3 c3                   repz retq 

0000000000401e80 <init_driver>:
  401e80:       55                      push   %rbp
  401e81:       53                      push   %rbx
  401e82:       48 83 ec 18             sub    $0x18,%rsp
  401e86:       48 89 fd                mov    %rdi,%rbp
  401e89:       be 01 00 00 00          mov    $0x1,%esi
  401e8e:       bf 0d 00 00 00          mov    $0xd,%edi
  401e93:       e8 c8 ec ff ff          callq  400b60 <signal@plt>
  401e98:       be 01 00 00 00          mov    $0x1,%esi
  401e9d:       bf 1d 00 00 00          mov    $0x1d,%edi
  401ea2:       e8 b9 ec ff ff          callq  400b60 <signal@plt>
  401ea7:       be 01 00 00 00          mov    $0x1,%esi
  401eac:       bf 1d 00 00 00          mov    $0x1d,%edi
  401eb1:       e8 aa ec ff ff          callq  400b60 <signal@plt>
  401eb6:       ba 00 00 00 00          mov    $0x0,%edx
  401ebb:       be 01 00 00 00          mov    $0x1,%esi
  401ec0:       bf 02 00 00 00          mov    $0x2,%edi
  401ec5:       e8 76 ed ff ff          callq  400c40 <socket@plt>
  401eca:       85 c0                   test   %eax,%eax
  401ecc:       78 7c                   js     401f4a <init_driver+0xca>
  401ece:       89 c3                   mov    %eax,%ebx
  401ed0:       bf a9 24 40 00          mov    $0x4024a9,%edi
  401ed5:       e8 96 ec ff ff          callq  400b70 <gethostbyname@plt>
  401eda:       48 85 c0                test   %rax,%rax
  401edd:       0f 84 b3 00 00 00       je     401f96 <init_driver+0x116>
  401ee3:       48 c7 04 24 00 00 00    movq   $0x0,(%rsp)
  401eea:       00 
  401eeb:       48 c7 44 24 08 00 00    movq   $0x0,0x8(%rsp)
  401ef2:       00 00 
  401ef4:       66 c7 04 24 02 00       movw   $0x2,(%rsp)
  401efa:       48 63 50 14             movslq 0x14(%rax),%rdx
  401efe:       48 8d 74 24 04          lea    0x4(%rsp),%rsi
  401f03:       48 8b 40 18             mov    0x18(%rax),%rax
  401f07:       48 8b 38                mov    (%rax),%rdi
  401f0a:       e8 c1 ec ff ff          callq  400bd0 <bcopy@plt>
  401f0f:       66 c7 44 24 02 1f 91    movw   $0x911f,0x2(%rsp)
  401f16:       ba 10 00 00 00          mov    $0x10,%edx
  401f1b:       48 89 e6                mov    %rsp,%rsi
  401f1e:       89 df                   mov    %ebx,%edi
  401f20:       e8 eb ec ff ff          callq  400c10 <connect@plt>
  401f25:       85 c0                   test   %eax,%eax
  401f27:       0f 88 d1 00 00 00       js     401ffe <init_driver+0x17e>
  401f2d:       89 df                   mov    %ebx,%edi
  401f2f:       e8 ec eb ff ff          callq  400b20 <close@plt>
  401f34:       66 c7 45 00 4f 4b       movw   $0x4b4f,0x0(%rbp)
  401f3a:       c6 45 02 00             movb   $0x0,0x2(%rbp)
  401f3e:       b8 00 00 00 00          mov    $0x0,%eax
  401f43:       48 83 c4 18             add    $0x18,%rsp
  401f47:       5b                      pop    %rbx
  401f48:       5d                      pop    %rbp
  401f49:       c3                      retq   
  401f4a:       48 b8 45 72 72 6f 72    movabs $0x43203a726f727245,%rax
  401f51:       3a 20 43 
  401f54:       48 ba 6c 69 65 6e 74    movabs $0x6e7520746e65696c,%rdx
  401f5b:       20 75 6e 
  401f5e:       48 89 45 00             mov    %rax,0x0(%rbp)
  401f62:       48 89 55 08             mov    %rdx,0x8(%rbp)
  401f66:       48 b8 61 62 6c 65 20    movabs $0x206f7420656c6261,%rax
  401f6d:       74 6f 20 
  401f70:       48 ba 63 72 65 61 74    movabs $0x7320657461657263,%rdx
  401f77:       65 20 73 
  401f7a:       48 89 45 10             mov    %rax,0x10(%rbp)
  401f7e:       48 89 55 18             mov    %rdx,0x18(%rbp)
  401f82:       c7 45 20 6f 63 6b 65    movl   $0x656b636f,0x20(%rbp)
  401f89:       66 c7 45 24 74 00       movw   $0x74,0x24(%rbp)
  401f8f:       b8 ff ff ff ff          mov    $0xffffffff,%eax
  401f94:       eb ad                   jmp    401f43 <init_driver+0xc3>
  401f96:       48 b8 45 72 72 6f 72    movabs $0x44203a726f727245,%rax
  401f9d:       3a 20 44 
  401fa0:       48 ba 4e 53 20 69 73    movabs $0x6e7520736920534e,%rdx
  401fa7:       20 75 6e 
  401faa:       48 89 45 00             mov    %rax,0x0(%rbp)
  401fae:       48 89 55 08             mov    %rdx,0x8(%rbp)
  401fb2:       48 b8 61 62 6c 65 20    movabs $0x206f7420656c6261,%rax
  401fb9:       74 6f 20 
  401fbc:       48 ba 72 65 73 6f 6c    movabs $0x2065766c6f736572,%rdx
  401fc3:       76 65 20 
  401fc6:       48 89 45 10             mov    %rax,0x10(%rbp)
  401fca:       48 89 55 18             mov    %rdx,0x18(%rbp)
  401fce:       48 b8 73 65 72 76 65    movabs $0x6120726576726573,%rax
  401fd5:       72 20 61 
  401fd8:       48 89 45 20             mov    %rax,0x20(%rbp)
  401fdc:       c7 45 28 64 64 72 65    movl   $0x65726464,0x28(%rbp)
  401fe3:       66 c7 45 2c 73 73       movw   $0x7373,0x2c(%rbp)
  401fe9:       c6 45 2e 00             movb   $0x0,0x2e(%rbp)
  401fed:       89 df                   mov    %ebx,%edi
  401fef:       e8 2c eb ff ff          callq  400b20 <close@plt>
  401ff4:       b8 ff ff ff ff          mov    $0xffffffff,%eax
  401ff9:       e9 45 ff ff ff          jmpq   401f43 <init_driver+0xc3>
  401ffe:       ba a9 24 40 00          mov    $0x4024a9,%edx
  402003:       be 80 25 40 00          mov    $0x402580,%esi
  402008:       48 89 ef                mov    %rbp,%rdi
  40200b:       b8 00 00 00 00          mov    $0x0,%eax
  402010:       e8 db eb ff ff          callq  400bf0 <sprintf@plt>
  402015:       89 df                   mov    %ebx,%edi
  402017:       e8 04 eb ff ff          callq  400b20 <close@plt>
  40201c:       b8 ff ff ff ff          mov    $0xffffffff,%eax
  402021:       e9 1d ff ff ff          jmpq   401f43 <init_driver+0xc3>

0000000000402026 <driver_post>:
  402026:       53                      push   %rbx
  402027:       4c 89 c3                mov    %r8,%rbx
  40202a:       85 c9                   test   %ecx,%ecx
  40202c:       75 17                   jne    402045 <driver_post+0x1f>
  40202e:       48 85 ff                test   %rdi,%rdi
  402031:       74 05                   je     402038 <driver_post+0x12>
  402033:       80 3f 00                cmpb   $0x0,(%rdi)
  402036:       75 2f                   jne    402067 <driver_post+0x41>
  402038:       66 c7 03 4f 4b          movw   $0x4b4f,(%rbx)
  40203d:       c6 43 02 00             movb   $0x0,0x2(%rbx)
  402041:       89 c8                   mov    %ecx,%eax
  402043:       5b                      pop    %rbx
  402044:       c3                      retq   
  402045:       48 89 d6                mov    %rdx,%rsi
  402048:       bf c0 25 40 00          mov    $0x4025c0,%edi
  40204d:       b8 00 00 00 00          mov    $0x0,%eax
  402052:       e8 a9 ea ff ff          callq  400b00 <printf@plt>
  402057:       66 c7 03 4f 4b          movw   $0x4b4f,(%rbx)
  40205c:       c6 43 02 00             movb   $0x0,0x2(%rbx)
  402060:       b8 00 00 00 00          mov    $0x0,%eax
  402065:       eb dc                   jmp    402043 <driver_post+0x1d>
  402067:       41 50                   push   %r8
  402069:       52                      push   %rdx
  40206a:       41 b9 d7 25 40 00       mov    $0x4025d7,%r9d
  402070:       49 89 f0                mov    %rsi,%r8
  402073:       48 89 f9                mov    %rdi,%rcx
  402076:       ba df 25 40 00          mov    $0x4025df,%edx
  40207b:       be 91 1f 00 00          mov    $0x1f91,%esi
  402080:       bf a9 24 40 00          mov    $0x4024a9,%edi
  402085:       e8 f2 f5 ff ff          callq  40167c <submitr>
  40208a:       48 83 c4 10             add    $0x10,%rsp
  40208e:       eb b3                   jmp    402043 <driver_post+0x1d>

0000000000402090 <__libc_csu_init>:
  402090:       41 57                   push   %r15
  402092:       41 89 ff                mov    %edi,%r15d
  402095:       41 56                   push   %r14
  402097:       49 89 f6                mov    %rsi,%r14
  40209a:       41 55                   push   %r13
  40209c:       49 89 d5                mov    %rdx,%r13
  40209f:       41 54                   push   %r12
  4020a1:       4c 8d 25 70 0d 20 00    lea    0x200d70(%rip),%r12        # 602e18 <__frame_dummy_init_array_entry>
  4020a8:       55                      push   %rbp
  4020a9:       48 8d 2d 70 0d 20 00    lea    0x200d70(%rip),%rbp        # 602e20 <__init_array_end>
  4020b0:       53                      push   %rbx
  4020b1:       4c 29 e5                sub    %r12,%rbp
  4020b4:       31 db                   xor    %ebx,%ebx
  4020b6:       48 c1 fd 03             sar    $0x3,%rbp
  4020ba:       48 83 ec 08             sub    $0x8,%rsp
  4020be:       e8 b5 e9 ff ff          callq  400a78 <_init>
  4020c3:       48 85 ed                test   %rbp,%rbp
  4020c6:       74 1e                   je     4020e6 <__libc_csu_init+0x56>
  4020c8:       0f 1f 84 00 00 00 00    nopl   0x0(%rax,%rax,1)
  4020cf:       00 
  4020d0:       4c 89 ea                mov    %r13,%rdx
  4020d3:       4c 89 f6                mov    %r14,%rsi
  4020d6:       44 89 ff                mov    %r15d,%edi
  4020d9:       41 ff 14 dc             callq  *(%r12,%rbx,8)
  4020dd:       48 83 c3 01             add    $0x1,%rbx
  4020e1:       48 39 eb                cmp    %rbp,%rbx
  4020e4:       75 ea                   jne    4020d0 <__libc_csu_init+0x40>
  4020e6:       48 83 c4 08             add    $0x8,%rsp
  4020ea:       5b                      pop    %rbx
  4020eb:       5d                      pop    %rbp
  4020ec:       41 5c                   pop    %r12
  4020ee:       41 5d                   pop    %r13
  4020f0:       41 5e                   pop    %r14
  4020f2:       41 5f                   pop    %r15
  4020f4:       c3                      retq   
  4020f5:       90                      nop
  4020f6:       66 2e 0f 1f 84 00 00    nopw   %cs:0x0(%rax,%rax,1)
  4020fd:       00 00 00 

0000000000402100 <__libc_csu_fini>:
  402100:       f3 c3                   repz retq 

Disassembly of section .fini:

0000000000402104 <_fini>:
  402104:       48 83 ec 08             sub    $0x8,%rsp
  402108:       48 83 c4 08             add    $0x8,%rsp
  40210c:       c3                      retq   
[edusc03-032@cheetah022 bomb32]$ objdump -d bomb > bomb_assembly.asm
[edusc03-032@cheetah022 bomb32]$ objdump -f bomb

bomb:     file format elf64-x86-64
architecture: i386:x86-64, flags 0x00000112:
EXEC_P, HAS_SYMS, D_PAGED
start address 0x0000000000400c50

[edusc03-032@cheetah022 bomb32]$ gdb
GNU gdb (GDB) Red Hat Enterprise Linux 7.6.1-100.el7
Copyright (C) 2013 Free Software Foundation, Inc.
License GPLv3+: GNU GPL version 3 or later <http://gnu.org/licenses/gpl.html>
This is free software: you are free to change and redistribute it.
There is NO WARRANTY, to the extent permitted by law.  Type "show copying"
and "show warranty" for details.
This GDB was configured as "x86_64-redhat-linux-gnu".
For bug reporting instructions, please see:
<http://www.gnu.org/software/gdb/bugs/>.
(gdb) quit
[edusc03-032@cheetah022 bomb32]$ gdb bomb
GNU gdb (GDB) Red Hat Enterprise Linux 7.6.1-100.el7
Copyright (C) 2013 Free Software Foundation, Inc.
License GPLv3+: GNU GPL version 3 or later <http://gnu.org/licenses/gpl.html>
This is free software: you are free to change and redistribute it.
There is NO WARRANTY, to the extent permitted by law.  Type "show copying"
and "show warranty" for details.
This GDB was configured as "x86_64-redhat-linux-gnu".
For bug reporting instructions, please see:
<http://www.gnu.org/software/gdb/bugs/>...
Reading symbols from /home/edusc03/edusc03-032/Assignment2/bomb32/bomb...done.
(gdb) break phase_1
Breakpoint 1 at 0x400e63
(gdb) run
Starting program: /home/edusc03/edusc03-032/Assignment2/bomb32/bomb 
Welcome to my fiendish little bomb. You have 6 phases with
which to blow yourself up. Have a nice day!
test

Breakpoint 1, 0x0000000000400e63 in phase_1 ()
Missing separate debuginfos, use: debuginfo-install glibc-2.17-325.el7_9.x86_64
(gdb) info registers
rax            0x6037a0 6305696
rbx            0x0      0
rcx            0x4      4
rdx            0x6037a0 6305696
rsi            0x0      0
rdi            0x6037a0 6305696
rbp            0x0      0x0
rsp            0x7fffffffe0e8   0x7fffffffe0e8
r8             0x2aaaaaad1005   46912496275461
r9             0x0      0
r10            0x7fffffffdc70   140737488346224
r11            0x2aaaaacfe6c0   46912498558656
r12            0x400c50 4197456
r13            0x7fffffffe1d0   140737488347600
r14            0x0      0
r15            0x0      0
rip            0x400e63 0x400e63 <phase_1>
eflags         0x206    [ PF IF ]
---Type <return> to continue, or q <return> to quit---
cs             0x33     51
ss             0x2b     43
ds             0x0      0
es             0x0      0
fs             0x0      0
gs             0x0      0
(gdb) print /x $rdi
$1 = 0x6037a0
(gdb) x /s $1
0x6037a0 <input_strings>:       "test"
(gdb) x /s $rsi
0x0:    <Address 0x0 out of bounds>
(gdb) print /x $rsi
$2 = 0x0
(gdb) x /s $2
0x0:    <Address 0x0 out of bounds>
(gdb) x /s $rip
0x400e63 <phase_1>:     "H\203\354\b\276p\"@"
(gdb) x /s $esi
0x0:    <Address 0x0 out of bounds>
(gdb) x /s $0x402270
Value can't be converted to integer.
(gdb) x /s 0x402270
0x402270:       "The future will be better tomorrow."
(gdb) run
The program being debugged has been started already.
Start it from the beginning? (y or n) y
Starting program: /home/edusc03/edusc03-032/Assignment2/bomb32/bomb 
Welcome to my fiendish little bomb. You have 6 phases with
which to blow yourself up. Have a nice day!
The future will be better tomorrow.

Breakpoint 1, 0x0000000000400e63 in phase_1 ()
(gdb) delete 1
(gdb) run
The program being debugged has been started already.
Start it from the beginning? (y or n) y
Starting program: /home/edusc03/edusc03-032/Assignment2/bomb32/bomb 
Welcome to my fiendish little bomb. You have 6 phases with
which to blow yourself up. Have a nice day!
The future will be better tomorrow.
Phase 1 defused. How about the next one?
kill

BOOM!!!
The bomb has blown up.
[Inferior 1 (process 18808) exited with code 010]
(gdb) break phase_2
Breakpoint 2 at 0x400e81
(gdb) 

[edusc03-032@cheetah ~]$  ssh cheetah022
Last login: Thu May 26 22:17:03 2022 from 172.31.60.200
[edusc03-032@cheetah022 ~]$ ls
Assignment2
[edusc03-032@cheetah022 ~]$ cd Assignment2/bomb32
[edusc03-032@cheetah022 bomb32]$ gdb bomb
GNU gdb (GDB) Red Hat Enterprise Linux 7.6.1-100.el7
Copyright (C) 2013 Free Software Foundation, Inc.
License GPLv3+: GNU GPL version 3 or later <http://gnu.org/licenses/gpl.html>
This is free software: you are free to change and redistribute it.
There is NO WARRANTY, to the extent permitted by law.  Type "show copying"
and "show warranty" for details.
This GDB was configured as "x86_64-redhat-linux-gnu".
For bug reporting instructions, please see:
<http://www.gnu.org/software/gdb/bugs/>...
Reading symbols from /home/edusc03/edusc03-032/Assignment2/bomb32/bomb...done.
(gdb) break phase_2
Breakpoint 1 at 0x400e81
(gdb) run
Starting program: /home/edusc03/edusc03-032/Assignment2/bomb32/bomb 
Welcome to my fiendish little bomb. You have 6 phases with
which to blow yourself up. Have a nice day!
The future will be better tomorrow.
Phase 1 defused. How about the next one?
^C
Program received signal SIGINT, Interrupt.
0x00002aaaaadbeb40 in __read_nocancel () from /lib64/libc.so.6
Missing separate debuginfos, use: debuginfo-install glibc-2.17-325.el7_9.x86_64
(gdb) diasa phase_2
Undefined command: "diasa".  Try "help".
(gdb) disas phase_2
Dump of assembler code for function phase_2:
   0x0000000000400e81 <+0>:     push   %rbx
   0x0000000000400e82 <+1>:     sub    $0x20,%rsp
   0x0000000000400e86 <+5>:     mov    %rsp,%rsi
   0x0000000000400e89 <+8>:     callq  0x4013b1 <read_six_numbers>
   0x0000000000400e8e <+13>:    cmpl   $0x0,(%rsp)
   0x0000000000400e92 <+17>:    js     0x400e9b <phase_2+26>
   0x0000000000400e94 <+19>:    mov    $0x1,%ebx
   0x0000000000400e99 <+24>:    jmp    0x400eac <phase_2+43>
   0x0000000000400e9b <+26>:    callq  0x40138f <explode_bomb>
   0x0000000000400ea0 <+31>:    jmp    0x400e94 <phase_2+19>
   0x0000000000400ea2 <+33>:    add    $0x1,%rbx
   0x0000000000400ea6 <+37>:    cmp    $0x6,%rbx
   0x0000000000400eaa <+41>:    je     0x400ebe <phase_2+61>
   0x0000000000400eac <+43>:    mov    %ebx,%eax
   0x0000000000400eae <+45>:    add    -0x4(%rsp,%rbx,4),%eax
   0x0000000000400eb2 <+49>:    cmp    %eax,(%rsp,%rbx,4)
   0x0000000000400eb5 <+52>:    je     0x400ea2 <phase_2+33>
   0x0000000000400eb7 <+54>:    callq  0x40138f <explode_bomb>
   0x0000000000400ebc <+59>:    jmp    0x400ea2 <phase_2+33>
---Type <return> to continue, or q <return> to quit---
   0x0000000000400ebe <+61>:    add    $0x20,%rsp
   0x0000000000400ec2 <+65>:    pop    %rbx
   0x0000000000400ec3 <+66>:    retq   
End of assembler dump.
(gdb) run
The program being debugged has been started already.
Start it from the beginning? (y or n)  n
Program not restarted.
(gdb) run
The program being debugged has been started already.
Start it from the beginning? (y or n) y
Starting program: /home/edusc03/edusc03-032/Assignment2/bomb32/bomb 
Welcome to my fiendish little bomb. You have 6 phases with
which to blow yourself up. Have a nice day!
The future will be better tomorrow.
Phase 1 defused. How about the next one?
1 1 1 1 1 1

Breakpoint 1, 0x0000000000400e81 in phase_2 ()
(gdb) disas
Dump of assembler code for function phase_2:
=> 0x0000000000400e81 <+0>:     push   %rbx
   0x0000000000400e82 <+1>:     sub    $0x20,%rsp
   0x0000000000400e86 <+5>:     mov    %rsp,%rsi
   0x0000000000400e89 <+8>:     callq  0x4013b1 <read_six_numbers>
   0x0000000000400e8e <+13>:    cmpl   $0x0,(%rsp)
   0x0000000000400e92 <+17>:    js     0x400e9b <phase_2+26>
   0x0000000000400e94 <+19>:    mov    $0x1,%ebx
   0x0000000000400e99 <+24>:    jmp    0x400eac <phase_2+43>
   0x0000000000400e9b <+26>:    callq  0x40138f <explode_bomb>
   0x0000000000400ea0 <+31>:    jmp    0x400e94 <phase_2+19>
   0x0000000000400ea2 <+33>:    add    $0x1,%rbx
   0x0000000000400ea6 <+37>:    cmp    $0x6,%rbx
   0x0000000000400eaa <+41>:    je     0x400ebe <phase_2+61>
   0x0000000000400eac <+43>:    mov    %ebx,%eax
   0x0000000000400eae <+45>:    add    -0x4(%rsp,%rbx,4),%eax
   0x0000000000400eb2 <+49>:    cmp    %eax,(%rsp,%rbx,4)
   0x0000000000400eb5 <+52>:    je     0x400ea2 <phase_2+33>
   0x0000000000400eb7 <+54>:    callq  0x40138f <explode_bomb>
   0x0000000000400ebc <+59>:    jmp    0x400ea2 <phase_2+33>
---Type <return> to continue, or q <return> to quit---
   0x0000000000400ebe <+61>:    add    $0x20,%rsp
   0x0000000000400ec2 <+65>:    pop    %rbx
   0x0000000000400ec3 <+66>:    retq   
End of assembler dump.
(gdb) disable 1
(gdb) break read_six_numbers
Breakpoint 2 at 0x4013b1
(gdb) run
The program being debugged has been started already.
Start it from the beginning? (y or n) y
Starting program: /home/edusc03/edusc03-032/Assignment2/bomb32/bomb 
Welcome to my fiendish little bomb. You have 6 phases with
which to blow yourself up. Have a nice day!
The future will be better tomorrow.
Phase 1 defused. How about the next one?
1 1 1 1 1 1

Breakpoint 2, 0x00000000004013b1 in read_six_numbers ()
(gdb) disas
Dump of assembler code for function read_six_numbers:
=> 0x00000000004013b1 <+0>:     sub    $0x8,%rsp
   0x00000000004013b5 <+4>:     mov    %rsi,%rdx
   0x00000000004013b8 <+7>:     lea    0x4(%rsi),%rcx
   0x00000000004013bc <+11>:    lea    0x14(%rsi),%rax
   0x00000000004013c0 <+15>:    push   %rax
   0x00000000004013c1 <+16>:    lea    0x10(%rsi),%rax
   0x00000000004013c5 <+20>:    push   %rax
   0x00000000004013c6 <+21>:    lea    0xc(%rsi),%r9
   0x00000000004013ca <+25>:    lea    0x8(%rsi),%r8
   0x00000000004013ce <+29>:    mov    $0x402443,%esi
   0x00000000004013d3 <+34>:    mov    $0x0,%eax
   0x00000000004013d8 <+39>:    callq  0x400bc0 <__isoc99_sscanf@plt>
   0x00000000004013dd <+44>:    add    $0x10,%rsp
   0x00000000004013e1 <+48>:    cmp    $0x5,%eax
   0x00000000004013e4 <+51>:    jle    0x4013eb <read_six_numbers+58>
   0x00000000004013e6 <+53>:    add    $0x8,%rsp
   0x00000000004013ea <+57>:    retq   
   0x00000000004013eb <+58>:    callq  0x40138f <explode_bomb>
End of assembler dump.
(gdb) run
The program being debugged has been started already.
Start it from the beginning? (y or n)  y
Starting program: /home/edusc03/edusc03-032/Assignment2/bomb32/bomb 
Welcome to my fiendish little bomb. You have 6 phases with
which to blow yourself up. Have a nice day!
The future will be better tomorrow.
Phase 1 defused. How about the next one?
6 6 6 6 6 6

Breakpoint 2, 0x00000000004013b1 in read_six_numbers ()
(gdb) disas
Dump of assembler code for function read_six_numbers:
=> 0x00000000004013b1 <+0>:     sub    $0x8,%rsp
   0x00000000004013b5 <+4>:     mov    %rsi,%rdx
   0x00000000004013b8 <+7>:     lea    0x4(%rsi),%rcx
   0x00000000004013bc <+11>:    lea    0x14(%rsi),%rax
   0x00000000004013c0 <+15>:    push   %rax
   0x00000000004013c1 <+16>:    lea    0x10(%rsi),%rax
   0x00000000004013c5 <+20>:    push   %rax
   0x00000000004013c6 <+21>:    lea    0xc(%rsi),%r9
   0x00000000004013ca <+25>:    lea    0x8(%rsi),%r8
   0x00000000004013ce <+29>:    mov    $0x402443,%esi
   0x00000000004013d3 <+34>:    mov    $0x0,%eax
   0x00000000004013d8 <+39>:    callq  0x400bc0 <__isoc99_sscanf@plt>
   0x00000000004013dd <+44>:    add    $0x10,%rsp
   0x00000000004013e1 <+48>:    cmp    $0x5,%eax
   0x00000000004013e4 <+51>:    jle    0x4013eb <read_six_numbers+58>
   0x00000000004013e6 <+53>:    add    $0x8,%rsp
   0x00000000004013ea <+57>:    retq   
   0x00000000004013eb <+58>:    callq  0x40138f <explode_bomb>
End of assembler dump.
(gdb) print 0x402443
$1 = 4203587
(gdb) x/s 0x402443
0x402443:       "%d %d %d %d %d %d"
(gdb) disable 1
(gdb) disable 2
(gdb) break phase_3
Breakpoint 3 at 0x400ec4
(gdb) run
The program being debugged has been started already.
Start it from the beginning? (y or n) y
Starting program: /home/edusc03/edusc03-032/Assignment2/bomb32/bomb 
Welcome to my fiendish little bomb. You have 6 phases with
which to blow yourself up. Have a nice day!
The future will be better tomorrow.
Phase 1 defused. How about the next one?
6 6 6 6 6 6

BOOM!!!
The bomb has blown up.
[Inferior 1 (process 1496) exited with code 010]
(gdb) disas
No frame selected.
(gdb) 
No frame selected.
(gdb) stepi
The program is not being run.
(gdb) enable 2
(gdb) run
Starting program: /home/edusc03/edusc03-032/Assignment2/bomb32/bomb 
Welcome to my fiendish little bomb. You have 6 phases with
which to blow yourself up. Have a nice day!
The future will be better tomorrow.
Phase 1 defused. How about the next one?
6 6 6 6 6 6

Breakpoint 2, 0x00000000004013b1 in read_six_numbers ()
(gdb) stepi
0x00000000004013b5 in read_six_numbers ()
(gdb) 
0x00000000004013b8 in read_six_numbers ()
(gdb) 
0x00000000004013bc in read_six_numbers ()
(gdb) 
0x00000000004013c0 in read_six_numbers ()
(gdb) 
0x00000000004013c1 in read_six_numbers ()
(gdb) 
0x00000000004013c5 in read_six_numbers ()
(gdb) 
0x00000000004013c6 in read_six_numbers ()
(gdb) 
0x00000000004013ca in read_six_numbers ()
(gdb) 
0x00000000004013ce in read_six_numbers ()
(gdb) 
0x00000000004013d3 in read_six_numbers ()
(gdb) 
0x00000000004013d8 in read_six_numbers ()
(gdb) 
0x0000000000400bc0 in __isoc99_sscanf@plt ()
(gdb) 
0x0000000000400bc6 in __isoc99_sscanf@plt ()
(gdb) 
0x0000000000400bcb in __isoc99_sscanf@plt ()
(gdb) 
0x0000000000400aa0 in ?? ()
(gdb) 
0x0000000000400aa6 in ?? ()
(gdb) 
0x00002aaaaaac18e0 in _dl_runtime_resolve_fxsave () from /lib64/ld-linux-x86-64.so.2
(gdb) 
0x00002aaaaaac18e1 in _dl_runtime_resolve_fxsave () from /lib64/ld-linux-x86-64.so.2
(gdb) 
0x00002aaaaaac18e4 in _dl_runtime_resolve_fxsave () from /lib64/ld-linux-x86-64.so.2
(gdb) 
0x00002aaaaaac18e8 in _dl_runtime_resolve_fxsave () from /lib64/ld-linux-x86-64.so.2
(gdb) 
0x00002aaaaaac18ef in _dl_runtime_resolve_fxsave () from /lib64/ld-linux-x86-64.so.2
(gdb) 
0x00002aaaaaac18f3 in _dl_runtime_resolve_fxsave () from /lib64/ld-linux-x86-64.so.2
(gdb) 
0x00002aaaaaac18f8 in _dl_runtime_resolve_fxsave () from /lib64/ld-linux-x86-64.so.2
(gdb) 
0x00002aaaaaac18fd in _dl_runtime_resolve_fxsave () from /lib64/ld-linux-x86-64.so.2
(gdb) 
0x00002aaaaaac1902 in _dl_runtime_resolve_fxsave () from /lib64/ld-linux-x86-64.so.2
(gdb) 
0x00002aaaaaac1907 in _dl_runtime_resolve_fxsave () from /lib64/ld-linux-x86-64.so.2
(gdb) 
0x00002aaaaaac190c in _dl_runtime_resolve_fxsave () from /lib64/ld-linux-x86-64.so.2
(gdb) 
0x00002aaaaaac1911 in _dl_runtime_resolve_fxsave () from /lib64/ld-linux-x86-64.so.2
(gdb) 
0x00002aaaaaac1916 in _dl_runtime_resolve_fxsave () from /lib64/ld-linux-x86-64.so.2
(gdb) 
0x00002aaaaaac191a in _dl_runtime_resolve_fxsave () from /lib64/ld-linux-x86-64.so.2
(gdb) 
0x00002aaaaaac191e in _dl_runtime_resolve_fxsave () from /lib64/ld-linux-x86-64.so.2
(gdb) 
0x00002aaaaaab9d20 in _dl_fixup () from /lib64/ld-linux-x86-64.so.2
(gdb) 
0x00002aaaaaab9d21 in _dl_fixup () from /lib64/ld-linux-x86-64.so.2
(gdb) 
0x00002aaaaaab9d24 in _dl_fixup () from /lib64/ld-linux-x86-64.so.2
(gdb) 
0x00002aaaaaab9d26 in _dl_fixup () from /lib64/ld-linux-x86-64.so.2
(gdb) 
0x00002aaaaaab9d2a in _dl_fixup () from /lib64/ld-linux-x86-64.so.2
(gdb) 
0x00002aaaaaab9d2e in _dl_fixup () from /lib64/ld-linux-x86-64.so.2
(gdb) 
0x00002aaaaaab9d32 in _dl_fixup () from /lib64/ld-linux-x86-64.so.2
(gdb) 
0x00002aaaaaab9d36 in _dl_fixup () from /lib64/ld-linux-x86-64.so.2
(gdb) 
0x00002aaaaaab9d3a in _dl_fixup () from /lib64/ld-linux-x86-64.so.2
(gdb) 
0x00002aaaaaab9d41 in _dl_fixup () from /lib64/ld-linux-x86-64.so.2
(gdb) 
0x00002aaaaaab9d45 in _dl_fixup () from /lib64/ld-linux-x86-64.so.2
(gdb) 
0x00002aaaaaab9d49 in _dl_fixup () from /lib64/ld-linux-x86-64.so.2
(gdb) 
0x00002aaaaaab9d4d in _dl_fixup () from /lib64/ld-linux-x86-64.so.2
(gdb) 
0x00002aaaaaab9d50 in _dl_fixup () from /lib64/ld-linux-x86-64.so.2
(gdb) 
0x00002aaaaaab9d54 in _dl_fixup () from /lib64/ld-linux-x86-64.so.2
(gdb) 
0x00002aaaaaab9d58 in _dl_fixup () from /lib64/ld-linux-x86-64.so.2
(gdb) 
0x00002aaaaaab9d5b in _dl_fixup () from /lib64/ld-linux-x86-64.so.2
(gdb) 
0x00002aaaaaab9d60 in _dl_fixup () from /lib64/ld-linux-x86-64.so.2
(gdb) 
0x00002aaaaaab9d63 in _dl_fixup () from /lib64/ld-linux-x86-64.so.2
(gdb) 
0x00002aaaaaab9d66 in _dl_fixup () from /lib64/ld-linux-x86-64.so.2
(gdb) 
0x00002aaaaaab9d6a in _dl_fixup () from /lib64/ld-linux-x86-64.so.2
(gdb) 
0x00002aaaaaab9d70 in _dl_fixup () from /lib64/ld-linux-x86-64.so.2
(gdb) 
0x00002aaaaaab9d77 in _dl_fixup () from /lib64/ld-linux-x86-64.so.2
(gdb) 
0x00002aaaaaab9d7a in _dl_fixup () from /lib64/ld-linux-x86-64.so.2
(gdb) 
0x00002aaaaaab9d80 in _dl_fixup () from /lib64/ld-linux-x86-64.so.2
(gdb) 
0x00002aaaaaab9d84 in _dl_fixup () from /lib64/ld-linux-x86-64.so.2
(gdb) 
0x00002aaaaaab9d88 in _dl_fixup () from /lib64/ld-linux-x86-64.so.2
(gdb) 
0x00002aaaaaab9d8e in _dl_fixup () from /lib64/ld-linux-x86-64.so.2
(gdb) 
0x00002aaaaaab9d92 in _dl_fixup () from /lib64/ld-linux-x86-64.so.2
(gdb) 
0x00002aaaaaab9d99 in _dl_fixup () from /lib64/ld-linux-x86-64.so.2
(gdb) 
0x00002aaaaaab9d9d in _dl_fixup () from /lib64/ld-linux-x86-64.so.2
(gdb) 
0x00002aaaaaab9da2 in _dl_fixup () from /lib64/ld-linux-x86-64.so.2
(gdb) 
0x00002aaaaaab9da6 in _dl_fixup () from /lib64/ld-linux-x86-64.so.2
(gdb) 
0x00002aaaaaab9da8 in _dl_fixup () from /lib64/ld-linux-x86-64.so.2
(gdb) 
0x00002aaaaaab9dac in _dl_fixup () from /lib64/ld-linux-x86-64.so.2
(gdb) 
0x00002aaaaaab9db4 in _dl_fixup () from /lib64/ld-linux-x86-64.so.2
(gdb) 
0x00002aaaaaab9db6 in _dl_fixup () from /lib64/ld-linux-x86-64.so.2
(gdb) 
0x00002aaaaaab9dbc in _dl_fixup () from /lib64/ld-linux-x86-64.so.2
(gdb) 
0x00002aaaaaab9dc2 in _dl_fixup () from /lib64/ld-linux-x86-64.so.2
(gdb) 
0x00002aaaaaab9dc4 in _dl_fixup () from /lib64/ld-linux-x86-64.so.2
(gdb) 
0x00002aaaaaab9dcb in _dl_fixup () from /lib64/ld-linux-x86-64.so.2
(gdb) 
0x00002aaaaaab9dd0 in _dl_fixup () from /lib64/ld-linux-x86-64.so.2
(gdb) 
0x00002aaaaaab9dd4 in _dl_fixup () from /lib64/ld-linux-x86-64.so.2
(gdb) 
0x00002aaaaaab9ddd in _dl_fixup () from /lib64/ld-linux-x86-64.so.2
(gdb) 
0x00002aaaaaab9de3 in _dl_fixup () from /lib64/ld-linux-x86-64.so.2
(gdb) 
0x00002aaaaaab9de6 in _dl_fixup () from /lib64/ld-linux-x86-64.so.2
(gdb) 
0x00002aaaaaab9de9 in _dl_fixup () from /lib64/ld-linux-x86-64.so.2
(gdb) 
0x00002aaaaaab4f80 in _dl_lookup_symbol_x () from /lib64/ld-linux-x86-64.so.2
(gdb) 
0x00002aaaaaab4f81 in _dl_lookup_symbol_x () from /lib64/ld-linux-x86-64.so.2
(gdb) 
0x00002aaaaaab4f84 in _dl_lookup_symbol_x () from /lib64/ld-linux-x86-64.so.2
(gdb) 
0x00002aaaaaab4f86 in _dl_lookup_symbol_x () from /lib64/ld-linux-x86-64.so.2
(gdb) 
0x00002aaaaaab4f89 in _dl_lookup_symbol_x () from /lib64/ld-linux-x86-64.so.2
(gdb) 
0x00002aaaaaab4f8b in _dl_lookup_symbol_x () from /lib64/ld-linux-x86-64.so.2
(gdb) 
0x00002aaaaaab4f8d in _dl_lookup_symbol_x () from /lib64/ld-linux-x86-64.so.2
(gdb) 
0x00002aaaaaab4f90 in _dl_lookup_symbol_x () from /lib64/ld-linux-x86-64.so.2
(gdb) 
0x00002aaaaaab4f92 in _dl_lookup_symbol_x () from /lib64/ld-linux-x86-64.so.2
(gdb) 
0x00002aaaaaab4f95 in _dl_lookup_symbol_x () from /lib64/ld-linux-x86-64.so.2
(gdb) 
0x00002aaaaaab4f96 in _dl_lookup_symbol_x () from /lib64/ld-linux-x86-64.so.2
(gdb) 
0x00002aaaaaab4f99 in _dl_lookup_symbol_x () from /lib64/ld-linux-x86-64.so.2
(gdb) 
0x00002aaaaaab4fa0 in _dl_lookup_symbol_x () from /lib64/ld-linux-x86-64.so.2
(gdb) 
0x00002aaaaaab4fa3 in _dl_lookup_symbol_x () from /lib64/ld-linux-x86-64.so.2
(gdb) 
0x00002aaaaaab4faa in _dl_lookup_symbol_x () from /lib64/ld-linux-x86-64.so.2
(gdb) 
0x00002aaaaaab4fb1 in _dl_lookup_symbol_x () from /lib64/ld-linux-x86-64.so.2
(gdb) 
0x00002aaaaaab4fb3 in _dl_lookup_symbol_x () from /lib64/ld-linux-x86-64.so.2
(gdb) 
0x00002aaaaaab4fb9 in _dl_lookup_symbol_x () from /lib64/ld-linux-x86-64.so.2
(gdb) 
0x00002aaaaaab4fbc in _dl_lookup_symbol_x () from /lib64/ld-linux-x86-64.so.2
(gdb) 
0x00002aaaaaab4fc2 in _dl_lookup_symbol_x () from /lib64/ld-linux-x86-64.so.2
(gdb) 
0x00002aaaaaab4fc8 in _dl_lookup_symbol_x () from /lib64/ld-linux-x86-64.so.2
(gdb) 
0x00002aaaaaab4fcb in _dl_lookup_symbol_x () from /lib64/ld-linux-x86-64.so.2
(gdb) 
0x00002aaaaaab4fcf in _dl_lookup_symbol_x () from /lib64/ld-linux-x86-64.so.2
(gdb) 
0x00002aaaaaab4fd3 in _dl_lookup_symbol_x () from /lib64/ld-linux-x86-64.so.2
(gdb) 
0x00002aaaaaab4fd6 in _dl_lookup_symbol_x () from /lib64/ld-linux-x86-64.so.2
(gdb) 
0x00002aaaaaab4fd9 in _dl_lookup_symbol_x () from /lib64/ld-linux-x86-64.so.2
(gdb) 
0x00002aaaaaab4fdc in _dl_lookup_symbol_x () from /lib64/ld-linux-x86-64.so.2
(gdb) 
0x00002aaaaaab4fde in _dl_lookup_symbol_x () from /lib64/ld-linux-x86-64.so.2
(gdb) 
0x00002aaaaaab4fc8 in _dl_lookup_symbol_x () from /lib64/ld-linux-x86-64.so.2
(gdb) 
0x00002aaaaaab4fcb in _dl_lookup_symbol_x () from /lib64/ld-linux-x86-64.so.2
(gdb) 
0x00002aaaaaab4fcf in _dl_lookup_symbol_x () from /lib64/ld-linux-x86-64.so.2
(gdb) 
0x00002aaaaaab4fd3 in _dl_lookup_symbol_x () from /lib64/ld-linux-x86-64.so.2
(gdb) 
0x00002aaaaaab4fd6 in _dl_lookup_symbol_x () from /lib64/ld-linux-x86-64.so.2
(gdb) 
0x00002aaaaaab4fd9 in _dl_lookup_symbol_x () from /lib64/ld-linux-x86-64.so.2
(gdb) 
0x00002aaaaaab4fdc in _dl_lookup_symbol_x () from /lib64/ld-linux-x86-64.so.2
(gdb) 
0x00002aaaaaab4fde in _dl_lookup_symbol_x () from /lib64/ld-linux-x86-64.so.2
(gdb) 
0x00002aaaaaab4fc8 in _dl_lookup_symbol_x () from /lib64/ld-linux-x86-64.so.2
(gdb) 
0x00002aaaaaab4fcb in _dl_lookup_symbol_x () from /lib64/ld-linux-x86-64.so.2
(gdb) ^CQuit
(gdb) disable 2
(gdb) breake 0x400e8e
Undefined command: "breake".  Try "help".
(gdb) break *0x400e8e
Breakpoint 4 at 0x400e8e
(gdb) run
The program being debugged has been started already.
Start it from the beginning? (y or n) y
Starting program: /home/edusc03/edusc03-032/Assignment2/bomb32/bomb 
Welcome to my fiendish little bomb. You have 6 phases with
which to blow yourself up. Have a nice day!
The future will be better tomorrow.
Phase 1 defused. How about the next one?
6 6 6 6 6 6

Breakpoint 4, 0x0000000000400e8e in phase_2 ()
(gdb) stepi
0x0000000000400e92 in phase_2 ()
(gdb) 
0x0000000000400e94 in phase_2 ()
(gdb) 
0x0000000000400e99 in phase_2 ()
(gdb) 
0x0000000000400eac in phase_2 ()
(gdb) 
0x0000000000400eae in phase_2 ()
(gdb) 
0x0000000000400eb2 in phase_2 ()
(gdb) 
0x0000000000400eb5 in phase_2 ()
(gdb) 
0x0000000000400eb7 in phase_2 ()
(gdb) 
0x000000000040138f in explode_bomb ()
(gdb) info registers
rax            0x7      7
rbx            0x1      1
rcx            0x7fffffffe0b0   140737488347312
rdx            0x0      0
rsi            0x0      0
rdi            0x7fffffffdaa0   140737488345760
rbp            0x0      0x0
rsp            0x7fffffffe0b8   0x7fffffffe0b8
r8             0x2aaaab097060   46912502329440
r9             0x0      0
r10            0x0      0
r11            0x0      0
r12            0x400c50 4197456
r13            0x7fffffffe1d0   140737488347600
r14            0x0      0
r15            0x0      0
rip            0x40138f 0x40138f <explode_bomb>
eflags         0x297    [ CF PF AF SF IF ]
cs             0x33     51
ss             0x2b     43
---Type <return> to continue, or q <return> to quit---
ds             0x0      0
es             0x0      0
fs             0x0      0
gs             0x0      0
(gdb) x/s (%rsp,%rbx,4)
A syntax error in expression, near `%rsp,%rbx,4)'.
(gdb) run
The program being debugged has been started already.
Start it from the beginning? (y or n) y
Starting program: /home/edusc03/edusc03-032/Assignment2/bomb32/bomb 
Welcome to my fiendish little bomb. You have 6 phases with
which to blow yourself up. Have a nice day!
The future will be better tomorrow.
Phase 1 defused. How about the next one?
1 2 3 4 5 6

Breakpoint 4, 0x0000000000400e8e in phase_2 ()
(gdb) stepi
0x0000000000400e92 in phase_2 ()
(gdb) 
0x0000000000400e94 in phase_2 ()
(gdb) 
0x0000000000400e99 in phase_2 ()
(gdb) 
0x0000000000400eac in phase_2 ()
(gdb) 
0x0000000000400eae in phase_2 ()
(gdb) info registers
rax            0x1      1
rbx            0x1      1
rcx            0x7fffffffe0b0   140737488347312
rdx            0x0      0
rsi            0x0      0
rdi            0x7fffffffdaa0   140737488345760
rbp            0x0      0x0
rsp            0x7fffffffe0c0   0x7fffffffe0c0
r8             0x2aaaab097060   46912502329440
r9             0x0      0
r10            0x0      0
r11            0x0      0
r12            0x400c50 4197456
r13            0x7fffffffe1d0   140737488347600
r14            0x0      0
r15            0x0      0
rip            0x400eae 0x400eae <phase_2+45>
eflags         0x202    [ IF ]
cs             0x33     51
ss             0x2b     43
---Type <return> to continue, or q <return> to quit---
ds             0x0      0
es             0x0      0
fs             0x0      0
gs             0x0      0
(gdb) stepi
0x0000000000400eb2 in phase_2 ()
(gdb) info registers
rax            0x2      2
rbx            0x1      1
rcx            0x7fffffffe0b0   140737488347312
rdx            0x0      0
rsi            0x0      0
rdi            0x7fffffffdaa0   140737488345760
rbp            0x0      0x0
rsp            0x7fffffffe0c0   0x7fffffffe0c0
r8             0x2aaaab097060   46912502329440
r9             0x0      0
r10            0x0      0
r11            0x0      0
r12            0x400c50 4197456
r13            0x7fffffffe1d0   140737488347600
r14            0x0      0
r15            0x0      0
rip            0x400eb2 0x400eb2 <phase_2+49>
eflags         0x202    [ IF ]
cs             0x33     51
ss             0x2b     43
---Type <return> to continue, or q <return> to quit---
ds             0x0      0
es             0x0      0
fs             0x0      0
gs             0x0      0
(gdb) stepi
0x0000000000400eb5 in phase_2 ()
(gdb) stepi
0x0000000000400ea2 in phase_2 ()
(gdb) stepi
0x0000000000400ea6 in phase_2 ()
(gdb) stepi
0x0000000000400eaa in phase_2 ()
(gdb) stepi
0x0000000000400eac in phase_2 ()
(gdb) stepi
0x0000000000400eae in phase_2 ()
(gdb) stepi
0x0000000000400eb2 in phase_2 ()
(gdb) stepi
0x0000000000400eb5 in phase_2 ()
(gdb) stepi 
0x0000000000400eb7 in phase_2 ()
(gdb) info registers
rax            0x4      4
rbx            0x2      2
rcx            0x7fffffffe0b0   140737488347312
rdx            0x0      0
rsi            0x0      0
rdi            0x7fffffffdaa0   140737488345760
rbp            0x0      0x0
rsp            0x7fffffffe0c0   0x7fffffffe0c0
r8             0x2aaaab097060   46912502329440
r9             0x0      0
r10            0x0      0
r11            0x0      0
r12            0x400c50 4197456
r13            0x7fffffffe1d0   140737488347600
r14            0x0      0
r15            0x0      0
rip            0x400eb7 0x400eb7 <phase_2+54>
eflags         0x297    [ CF PF AF SF IF ]
cs             0x33     51
ss             0x2b     43
---Type <return> to continue, or q <return> to quit---
ds             0x0      0
es             0x0      0
fs             0x0      0
gs             0x0      0
(gdb) run
The program being debugged has been started already.
Start it from the beginning? (y or n) y
Starting program: /home/edusc03/edusc03-032/Assignment2/bomb32/bomb 
Welcome to my fiendish little bomb. You have 6 phases with
which to blow yourself up. Have a nice day!
The future will be better tomorrow.
Phase 1 defused. How about the next one?
1 2 4 7 11 16

Breakpoint 4, 0x0000000000400e8e in phase_2 ()
(gdb) stepi 5
0x0000000000400eae in phase_2 ()
(gdb) stepi 
0x0000000000400eb2 in phase_2 ()
(gdb) stepi 
0x0000000000400eb5 in phase_2 ()
(gdb) stepi 
0x0000000000400ea2 in phase_2 ()
(gdb) stepi 5
0x0000000000400eb2 in phase_2 ()
(gdb) stepi 
0x0000000000400eb5 in phase_2 ()
(gdb) stepi 
0x0000000000400ea2 in phase_2 ()
(gdb) stepi 5
0x0000000000400eb2 in phase_2 ()
(gdb) stepi 5
0x0000000000400eac in phase_2 ()
(gdb) stepi 
0x0000000000400eae in phase_2 ()
(gdb) stepi 
0x0000000000400eb2 in phase_2 ()
(gdb) stepi 
0x0000000000400eb5 in phase_2 ()
(gdb) stepi 
0x0000000000400ea2 in phase_2 ()
(gdb) stepi 5
0x0000000000400eb2 in phase_2 ()
(gdb) stepi 
0x0000000000400eb5 in phase_2 ()
(gdb) stepi
0x0000000000400ea2 in phase_2 ()
(gdb) stepi
0x0000000000400ea6 in phase_2 ()
(gdb) stepi
0x0000000000400eaa in phase_2 ()
(gdb) stepi
0x0000000000400ebe in phase_2 ()
(gdb) stepi
0x0000000000400ec2 in phase_2 ()
(gdb) stepi
0x0000000000400ec3 in phase_2 ()
(gdb) stepi
main (argc=<optimized out>, argv=<optimized out>) at bomb.c:83
83          phase_defused();
(gdb) delete
Delete all breakpoints? (y or n) y
(gdb) break phase_3
Breakpoint 5 at 0x400ec4
(gdb) run
The program being debugged has been started already.
Start it from the beginning? (y or n) y
Starting program: /home/edusc03/edusc03-032/Assignment2/bomb32/bomb 
Welcome to my fiendish little bomb. You have 6 phases with
which to blow yourself up. Have a nice day!
The future will be better tomorrow.
Phase 1 defused. How about the next one?
1 2 4 7 11 16
That's number 2.  Keep going!

 kill

Breakpoint 5, 0x0000000000400ec4 in phase_3 ()
(gdb) x/s 0x40244f 
0x40244f:       "%d %d"
(gdb) run
The program being debugged has been started already.
Start it from the beginning? (y or n)  y
Starting program: /home/edusc03/edusc03-032/Assignment2/bomb32/bomb 
Welcome to my fiendish little bomb. You have 6 phases with
which to blow yourself up. Have a nice day!
The future will be better tomorrow.
Phase 1 defused. How about the next one?
1 2 4 7 11 16
That's number 2.  Keep going!
2 4

Breakpoint 5, 0x0000000000400ec4 in phase_3 ()
(gdb) stepi
0x0000000000400ec8 in phase_3 ()
(gdb) stepi 9
0x00002aaaaad3b63e in __isoc99_sscanf () from /lib64/libc.so.6
(gdb) delete
Delete all breakpoints? (y or n) y
(gdb) break *0x400ee1
Breakpoint 6 at 0x400ee1
(gdb) run
The program being debugged has been started already.
Start it from the beginning? (y or n) y
Starting program: /home/edusc03/edusc03-032/Assignment2/bomb32/bomb 
Welcome to my fiendish little bomb. You have 6 phases with
which to blow yourself up. Have a nice day!
The future will be better tomorrow.
Phase 1 defused. How about the next one?
1 2 4 7 11 16
That's number 2.  Keep going!
2 3

Breakpoint 6, 0x0000000000400ee1 in phase_3 ()
(gdb) stepi
0x0000000000400ee4 in phase_3 ()
(gdb) stepi
0x0000000000400ee6 in phase_3 ()
(gdb) stepi
0x0000000000400eeb in phase_3 ()
(gdb) stepi
0x0000000000400eed in phase_3 ()
(gdb) stepi
0x0000000000400ef1 in phase_3 ()
(gdb) stepi
0x0000000000400f06 in phase_3 ()
(gdb) x/s 0x4022c0
0x4022c0:       "<\017@"
(gdb) print 0x4022c0
$2 = 4203200
(gdb) print *0x4022c0
$3 = 4198204
(gdb) x/s *0x4022c0
0x400f3c <phase_3+120>: "\270&\002"
(gdb) info register
rax            0x2      2
rbx            0x0      0
rcx            0x20     32
rdx            0x0      0
rsi            0x0      0
rdi            0x7fffffffdad0   140737488345808
rbp            0x0      0x0
rsp            0x7fffffffe0d0   0x7fffffffe0d0
r8             0x2aaaab097060   46912502329440
r9             0x0      0
r10            0x0      0
r11            0x0      0
r12            0x400c50 4197456
r13            0x7fffffffe1d0   140737488347600
r14            0x0      0
r15            0x0      0
rip            0x400f06 0x400f06 <phase_3+66>
eflags         0x293    [ CF AF SF IF ]
cs             0x33     51
ss             0x2b     43
---Type <return> to continue, or q <return> to quit---
ds             0x0      0
es             0x0      0
fs             0x0      0
gs             0x0      0
(gdb) print *(int*)0x4022c0
$4 = 4198204
(gdb) run
The program being debugged has been started already.
Start it from the beginning? (y or n) y
Starting program: /home/edusc03/edusc03-032/Assignment2/bomb32/bomb 
Welcome to my fiendish little bomb. You have 6 phases with
which to blow yourself up. Have a nice day!
The future will be better tomorrow.
Phase 1 defused. How about the next one?
1 2 4 7 11 16
That's number 2.  Keep going!
2 648

Breakpoint 6, 0x0000000000400ee1 in phase_3 ()
(gdb) stepi
0x0000000000400ee4 in phase_3 ()
(gdb) stepi 9
0x0000000000400f47 in phase_3 ()
(gdb) kill
Kill the program being debugged? (y or n) n
Not confirmed.
(gdb) run
The program being debugged has been started already.
Start it from the beginning? (y or n) y
Starting program: /home/edusc03/edusc03-032/Assignment2/bomb32/bomb 
Welcome to my fiendish little bomb. You have 6 phases with
which to blow yourself up. Have a nice day!
The future will be better tomorrow.
Phase 1 defused. How about the next one?
1 2 4 7 11 16
That's number 2.  Keep going!
2 684

Breakpoint 6, 0x0000000000400ee1 in phase_3 ()
(gdb) stepi
0x0000000000400ee4 in phase_3 ()
(gdb) stepi 8
0x0000000000400f45 in phase_3 ()
(gdb) stepi
0x0000000000400f4c in phase_3 ()
(gdb) stepi
0x0000000000400f50 in phase_3 ()
(gdb) stepi
main (argc=<optimized out>, argv=<optimized out>) at bomb.c:90
90          phase_defused();
(gdb) delete
Delete all breakpoints? (y or n) y
(gdb) break phase_4
Breakpoint 7 at 0x400f85
(gdb) run
The program being debugged has been started already.
Start it from the beginning? (y or n) y
Starting program: /home/edusc03/edusc03-032/Assignment2/bomb32/bomb 
Welcome to my fiendish little bomb. You have 6 phases with
which to blow yourself up. Have a nice day!
The future will be better tomorrow.
Phase 1 defused. How about the next one?
1 2 4 7 11 16
That's number 2.  Keep going!
2 684
Halfway there!
1

Breakpoint 7, 0x0000000000400f85 in phase_4 ()
(gdb) 



--------------------------------------------------------------------------------------------------------------------------------------------------------------
--------------------------------------------------------------------------------------------------------------------------------------------------------------
--------------------------------------------------------------------------------------------------------------------------------------------------------------


eflags         0x297    [ CF PF AF SF IF ]
cs             0x33     51
ss             0x2b     43
---Type <return> to continue, or q <return> to quit---
ds             0x0      0
es             0x0      0
fs             0x0      0
gs             0x0      0
(gdb) run
The program being debugged has been started already.
Start it from the beginning? (y or n) y
Starting program: /home/edusc03/edusc03-032/Assignment2/bomb32/bomb 
Welcome to my fiendish little bomb. You have 6 phases with
which to blow yourself up. Have a nice day!
The future will be better tomorrow.
Phase 1 defused. How about the next one?
1 2 4 7 11 16

Breakpoint 4, 0x0000000000400e8e in phase_2 ()
(gdb) stepi 5
0x0000000000400eae in phase_2 ()
(gdb) stepi 
0x0000000000400eb2 in phase_2 ()
(gdb) stepi 
0x0000000000400eb5 in phase_2 ()
(gdb) stepi 
0x0000000000400ea2 in phase_2 ()
(gdb) stepi 5
0x0000000000400eb2 in phase_2 ()
(gdb) stepi 
0x0000000000400eb5 in phase_2 ()
(gdb) stepi 
0x0000000000400ea2 in phase_2 ()
(gdb) stepi 5
0x0000000000400eb2 in phase_2 ()
(gdb) stepi 5
0x0000000000400eac in phase_2 ()
(gdb) stepi 
0x0000000000400eae in phase_2 ()
(gdb) stepi 
0x0000000000400eb2 in phase_2 ()
(gdb) stepi 
0x0000000000400eb5 in phase_2 ()
(gdb) stepi 
0x0000000000400ea2 in phase_2 ()
(gdb) stepi 5
0x0000000000400eb2 in phase_2 ()
(gdb) stepi 
0x0000000000400eb5 in phase_2 ()
(gdb) stepi
0x0000000000400ea2 in phase_2 ()
(gdb) stepi
0x0000000000400ea6 in phase_2 ()
(gdb) stepi
0x0000000000400eaa in phase_2 ()
(gdb) stepi
0x0000000000400ebe in phase_2 ()
(gdb) stepi
0x0000000000400ec2 in phase_2 ()
(gdb) stepi
0x0000000000400ec3 in phase_2 ()
(gdb) stepi
main (argc=<optimized out>, argv=<optimized out>) at bomb.c:83
83          phase_defused();
(gdb) delete
Delete all breakpoints? (y or n) y
(gdb) break phase_3
Breakpoint 5 at 0x400ec4
(gdb) run
The program being debugged has been started already.
Start it from the beginning? (y or n) y
Starting program: /home/edusc03/edusc03-032/Assignment2/bomb32/bomb 
Welcome to my fiendish little bomb. You have 6 phases with
which to blow yourself up. Have a nice day!
The future will be better tomorrow.
Phase 1 defused. How about the next one?
1 2 4 7 11 16
That's number 2.  Keep going!

 kill

Breakpoint 5, 0x0000000000400ec4 in phase_3 ()
(gdb) x/s 0x40244f 
0x40244f:       "%d %d"
(gdb) run
The program being debugged has been started already.
Start it from the beginning? (y or n)  y
Starting program: /home/edusc03/edusc03-032/Assignment2/bomb32/bomb 
Welcome to my fiendish little bomb. You have 6 phases with
which to blow yourself up. Have a nice day!
The future will be better tomorrow.
Phase 1 defused. How about the next one?
1 2 4 7 11 16
That's number 2.  Keep going!
2 4

Breakpoint 5, 0x0000000000400ec4 in phase_3 ()
(gdb) stepi
0x0000000000400ec8 in phase_3 ()
(gdb) stepi 9
0x00002aaaaad3b63e in __isoc99_sscanf () from /lib64/libc.so.6
(gdb) delete
Delete all breakpoints? (y or n) y
(gdb) break *0x400ee1
Breakpoint 6 at 0x400ee1
(gdb) run
The program being debugged has been started already.
Start it from the beginning? (y or n) y
Starting program: /home/edusc03/edusc03-032/Assignment2/bomb32/bomb 
Welcome to my fiendish little bomb. You have 6 phases with
which to blow yourself up. Have a nice day!
The future will be better tomorrow.
Phase 1 defused. How about the next one?
1 2 4 7 11 16
That's number 2.  Keep going!
2 3

Breakpoint 6, 0x0000000000400ee1 in phase_3 ()
(gdb) stepi
0x0000000000400ee4 in phase_3 ()
(gdb) stepi
0x0000000000400ee6 in phase_3 ()
(gdb) stepi
0x0000000000400eeb in phase_3 ()
(gdb) stepi
0x0000000000400eed in phase_3 ()
(gdb) stepi
0x0000000000400ef1 in phase_3 ()
(gdb) stepi
0x0000000000400f06 in phase_3 ()
(gdb) x/s 0x4022c0
0x4022c0:       "<\017@"
(gdb) print 0x4022c0
$2 = 4203200
(gdb) print *0x4022c0
$3 = 4198204
(gdb) x/s *0x4022c0
0x400f3c <phase_3+120>: "\270&\002"
(gdb) info register
rax            0x2      2
rbx            0x0      0
rcx            0x20     32
rdx            0x0      0
rsi            0x0      0
rdi            0x7fffffffdad0   140737488345808
rbp            0x0      0x0
rsp            0x7fffffffe0d0   0x7fffffffe0d0
r8             0x2aaaab097060   46912502329440
r9             0x0      0
r10            0x0      0
r11            0x0      0
r12            0x400c50 4197456
r13            0x7fffffffe1d0   140737488347600
r14            0x0      0
r15            0x0      0
rip            0x400f06 0x400f06 <phase_3+66>
eflags         0x293    [ CF AF SF IF ]
cs             0x33     51
ss             0x2b     43
---Type <return> to continue, or q <return> to quit---
ds             0x0      0
es             0x0      0
fs             0x0      0
gs             0x0      0
(gdb) print *(int*)0x4022c0
$4 = 4198204
(gdb) run
The program being debugged has been started already.
Start it from the beginning? (y or n) y
Starting program: /home/edusc03/edusc03-032/Assignment2/bomb32/bomb 
Welcome to my fiendish little bomb. You have 6 phases with
which to blow yourself up. Have a nice day!
The future will be better tomorrow.
Phase 1 defused. How about the next one?
1 2 4 7 11 16
That's number 2.  Keep going!
2 648

Breakpoint 6, 0x0000000000400ee1 in phase_3 ()
(gdb) stepi
0x0000000000400ee4 in phase_3 ()
(gdb) stepi 9
0x0000000000400f47 in phase_3 ()
(gdb) kill
Kill the program being debugged? (y or n) n
Not confirmed.
(gdb) run
The program being debugged has been started already.
Start it from the beginning? (y or n) y
Starting program: /home/edusc03/edusc03-032/Assignment2/bomb32/bomb 
Welcome to my fiendish little bomb. You have 6 phases with
which to blow yourself up. Have a nice day!
The future will be better tomorrow.
Phase 1 defused. How about the next one?
1 2 4 7 11 16
That's number 2.  Keep going!
2 684

Breakpoint 6, 0x0000000000400ee1 in phase_3 ()
(gdb) stepi
0x0000000000400ee4 in phase_3 ()
(gdb) stepi 8
0x0000000000400f45 in phase_3 ()
(gdb) stepi
0x0000000000400f4c in phase_3 ()
(gdb) stepi
0x0000000000400f50 in phase_3 ()
(gdb) stepi
main (argc=<optimized out>, argv=<optimized out>) at bomb.c:90
90          phase_defused();
(gdb) delete
Delete all breakpoints? (y or n) y
(gdb) break phase_4
Breakpoint 7 at 0x400f85
(gdb) run
The program being debugged has been started already.
Start it from the beginning? (y or n) y
Starting program: /home/edusc03/edusc03-032/Assignment2/bomb32/bomb 
Welcome to my fiendish little bomb. You have 6 phases with
which to blow yourself up. Have a nice day!
The future will be better tomorrow.
Phase 1 defused. How about the next one?
1 2 4 7 11 16
That's number 2.  Keep going!
2 684
Halfway there!
1

Breakpoint 7, 0x0000000000400f85 in phase_4 ()
(gdb) x/s 0x40244f
0x40244f:       "%d %d"
(gdb) delete
Delete all breakpoints? (y or n) y
(gdb) break *0x400fc6
Breakpoint 8 at 0x400fc6
(gdb) run
The program being debugged has been started already.
Start it from the beginning? (y or n) y
Starting program: /home/edusc03/edusc03-032/Assignment2/bomb32/bomb 
Welcome to my fiendish little bomb. You have 6 phases with
which to blow yourself up. Have a nice day!
The future will be better tomorrow.
Phase 1 defused. How about the next one?
1 2 4 7 11 16
That's number 2.  Keep going!
2 684
Halfway there!
7 27

Breakpoint 8, 0x0000000000400fc6 in phase_4 ()
(gdb) stepi
0x0000000000400fc9 in phase_4 ()
(gdb) info register
rax            0x7      7
rbx            0x0      0
rcx            0x20     32
rdx            0xe      14
rsi            0x0      0
rdi            0x7      7
rbp            0x0      0x0
rsp            0x7fffffffe0d0   0x7fffffffe0d0
r8             0x2aaaab097060   46912502329440
r9             0x0      0
r10            0x0      0
r11            0x0      0
r12            0x400c50 4197456
r13            0x7fffffffe1d0   140737488347600
r14            0x0      0
r15            0x0      0
rip            0x400fc9 0x400fc9 <phase_4+68>
eflags         0x293    [ CF AF SF IF ]
cs             0x33     51
ss             0x2b     43
---Type <return> to continue, or q <return> to quit---
ds             0x0      0
es             0x0      0
fs             0x0      0
gs             0x0      0
(gdb) stepi
0x0000000000400fd2 in phase_4 ()
(gdb) run
The program being debugged has been started already.
Start it from the beginning? (y or n) y
Starting program: /home/edusc03/edusc03-032/Assignment2/bomb32/bomb 
Welcome to my fiendish little bomb. You have 6 phases with
which to blow yourself up. Have a nice day!
The future will be better tomorrow.
Phase 1 defused. How about the next one?
1 2 4 7 11 16
That's number 2.  Keep going!
2 684
Halfway there!
27 27

BOOM!!!
The bomb has blown up.
[Inferior 1 (process 2990) exited with code 010]
(gdb) run
Starting program: /home/edusc03/edusc03-032/Assignment2/bomb32/bomb 
Welcome to my fiendish little bomb. You have 6 phases with
which to blow yourself up. Have a nice day!
The future will be better tomorrow.       
Phase 1 defused. How about the next one?
1 2 4 7 11 16
That's number 2.  Keep going!
2 684
Halfway there!
7 27

Breakpoint 8, 0x0000000000400fc6 in phase_4 ()
(gdb) delete
Delete all breakpoints? (y or n) y
(gdb) break func4
Breakpoint 9 at 0x400f51
(gdb) run
The program being debugged has been started already.
Start it from the beginning? (y or n) y
Starting program: /home/edusc03/edusc03-032/Assignment2/bomb32/bomb 
Welcome to my fiendish little bomb. You have 6 phases with
which to blow yourself up. Have a nice day!
The future will be better tomorrow.
Phase 1 defused. How about the next one?
1 2 4 7 11 16
That's number 2.  Keep going!
2 684
Halfway there!
7 27

Breakpoint 9, 0x0000000000400f51 in func4 ()
(gdb) stepi
0x0000000000400f52 in func4 ()
(gdb) info register
rax            0x2      2
rbx            0x0      0
rcx            0x20     32
rdx            0xe      14
rsi            0x0      0
rdi            0x7      7
rbp            0x0      0x0
rsp            0x7fffffffe0c0   0x7fffffffe0c0
r8             0x2aaaab097060   46912502329440
r9             0x0      0
r10            0x0      0
r11            0x0      0
r12            0x400c50 4197456
r13            0x7fffffffe1d0   140737488347600
r14            0x0      0
r15            0x0      0
rip            0x400f52 0x400f52 <func4+1>
eflags         0x297    [ CF PF AF SF IF ]
cs             0x33     51
ss             0x2b     43
---Type <return> to continue, or q <return> to quit---
ds             0x0      0
es             0x0      0
fs             0x0      0
gs             0x0      0
(gdb) print -0x1(%rbx)
A syntax error in expression, near `%rbx)'.
(gdb) print (%rbx-1)
A syntax error in expression, near `%rbx-1)'.
(gdb) print ($rbx-1)
$5 = -1
(gdb) stepi
0x0000000000400f54 in func4 ()
(gdb) stepi 5
0x0000000000400f5f in func4 ()
(gdb) stepi 5
0x0000000000400f69 in func4 ()
(gdb) stepi 5
0x0000000000400fd2 in phase_4 ()
(gdb) info register
rax            0x7      7
rbx            0x0      0
rcx            0x20     32
rdx            0xe      14
rsi            0x0      0
rdi            0x7      7
rbp            0x0      0x0
rsp            0x7fffffffe0d0   0x7fffffffe0d0
r8             0x2aaaab097060   46912502329440
r9             0x0      0
r10            0x0      0
r11            0x0      0
r12            0x400c50 4197456
r13            0x7fffffffe1d0   140737488347600
r14            0x0      0
r15            0x0      0
rip            0x400fd2 0x400fd2 <phase_4+77>
eflags         0x293    [ CF AF SF IF ]
cs             0x33     51
ss             0x2b     43
---Type <return> to continue, or q <return> to quit---
ds             0x0      0
es             0x0      0
fs             0x0      0
gs             0x0      0
(gdb) run
The program being debugged has been started already.
Start it from the beginning? (y or n) y
Starting program: /home/edusc03/edusc03-032/Assignment2/bomb32/bomb 
Welcome to my fiendish little bomb. You have 6 phases with
which to blow yourself up. Have a nice day!
The future will be better tomorrow.
Phase 1 defused. How about the next one?
1 2 4 7 11 16
That's number 2.  Keep going!
2 684
Halfway there!
4 27

Breakpoint 9, 0x0000000000400f51 in func4 ()
(gdb) stepi 5
0x0000000000400f5b in func4 ()
(gdb) stepi 2
0x0000000000400f5f in func4 ()
(gdb) stepi
0x0000000000400f61 in func4 ()
(gdb) stepi
0x0000000000400f63 in func4 ()
(gdb) stepi
0x0000000000400f6d in func4 ()
(gdb) info register
rax            0xe      14
rbx            0x7      7
rcx            0x20     32
rdx            0xe      14
rsi            0x0      0
rdi            0x4      4
rbp            0x0      0x0
rsp            0x7fffffffe0c0   0x7fffffffe0c0
r8             0x2aaaab097060   46912502329440
r9             0x0      0
r10            0x0      0
r11            0x0      0
r12            0x400c50 4197456
r13            0x7fffffffe1d0   140737488347600
r14            0x0      0
r15            0x0      0
rip            0x400f6d 0x400f6d <func4+28>
eflags         0x206    [ PF IF ]
cs             0x33     51
ss             0x2b     43
---Type <return> to continue, or q <return> to quit---
ds             0x0      0
es             0x0      0
fs             0x0      0
gs             0x0      0
(gdb) x/s %edx
A syntax error in expression, near `%edx'.
(gdb) x/s $edx
0xe:    <Address 0xe out of bounds>
(gdb) print $edx
$6 = 14
(gdb) x/s $rbx
0x7:    <Address 0x7 out of bounds>
(gdb) print /x ($edx-1)
$7 = 0xd
(gdb) print /x ($edx+1)
$8 = 0xf
(gdb) stepi
0x0000000000400f70 in func4 ()
(gdb) stepi

Breakpoint 9, 0x0000000000400f51 in func4 ()
(gdb) stepi
0x0000000000400f52 in func4 ()
(gdb) info register
rax            0xe      14
rbx            0x7      7
rcx            0x20     32
rdx            0x6      6
rsi            0x0      0
rdi            0x4      4
rbp            0x0      0x0
rsp            0x7fffffffe0b0   0x7fffffffe0b0
r8             0x2aaaab097060   46912502329440
r9             0x0      0
r10            0x0      0
r11            0x0      0
r12            0x400c50 4197456
r13            0x7fffffffe1d0   140737488347600
r14            0x0      0
r15            0x0      0
rip            0x400f52 0x400f52 <func4+1>
eflags         0x206    [ PF IF ]
cs             0x33     51
ss             0x2b     43
---Type <return> to continue, or q <return> to quit---
ds             0x0      0
es             0x0      0
fs             0x0      0
gs             0x0      0
(gdb) info register
rax            0xe      14
rbx            0x7      7
rcx            0x20     32
rdx            0x6      6
rsi            0x0      0
rdi            0x4      4
rbp            0x0      0x0
rsp            0x7fffffffe0b0   0x7fffffffe0b0
r8             0x2aaaab097060   46912502329440
r9             0x0      0
r10            0x0      0
r11            0x0      0
r12            0x400c50 4197456
r13            0x7fffffffe1d0   140737488347600
r14            0x0      0
r15            0x0      0
rip            0x400f52 0x400f52 <func4+1>
eflags         0x206    [ PF IF ]
cs             0x33     51
ss             0x2b     43
---Type <return> to continue, or q <return> to quit---
ds             0x0      0
es             0x0      0
fs             0x0      0
gs             0x0      0
(gdb) stepi
0x0000000000400f54 in func4 ()
(gdb) stepi 3
0x0000000000400f5b in func4 ()
(gdb) stepi
0x0000000000400f5d in func4 ()
(gdb) stepi
0x0000000000400f5f in func4 ()
(gdb) stepi
0x0000000000400f61 in func4 ()
(gdb) stepi
0x0000000000400f63 in func4 ()
(gdb) stepi
0x0000000000400f65 in func4 ()
(gdb) info register
rax            0x6      6
rbx            0x3      3
rcx            0x20     32
rdx            0x6      6
rsi            0x0      0
rdi            0x4      4
rbp            0x0      0x0
rsp            0x7fffffffe0b0   0x7fffffffe0b0
r8             0x2aaaab097060   46912502329440
r9             0x0      0
r10            0x0      0
r11            0x0      0
r12            0x400c50 4197456
r13            0x7fffffffe1d0   140737488347600
r14            0x0      0
r15            0x0      0
rip            0x400f65 0x400f65 <func4+20>
eflags         0x297    [ CF PF AF SF IF ]
cs             0x33     51
ss             0x2b     43
---Type <return> to continue, or q <return> to quit---
ds             0x0      0
es             0x0      0
fs             0x0      0
gs             0x0      0
(gdb) stepi
0x0000000000400f67 in func4 ()
(gdb) stepi
0x0000000000400f79 in func4 ()
(gdb) stepi
0x0000000000400f7c in func4 ()
(gdb) stepi

Breakpoint 9, 0x0000000000400f51 in func4 ()
(gdb) stepi
0x0000000000400f52 in func4 ()
(gdb) info register
rax            0x6      6
rbx            0x3      3
rcx            0x20     32
rdx            0x6      6
rsi            0x4      4
rdi            0x4      4
rbp            0x0      0x0
rsp            0x7fffffffe0a0   0x7fffffffe0a0
r8             0x2aaaab097060   46912502329440
r9             0x0      0
r10            0x0      0
r11            0x0      0
r12            0x400c50 4197456
r13            0x7fffffffe1d0   140737488347600
r14            0x0      0
r15            0x0      0
rip            0x400f52 0x400f52 <func4+1>
eflags         0x297    [ CF PF AF SF IF ]
cs             0x33     51
ss             0x2b     43
---Type <return> to continue, or q <return> to quit---
ds             0x0      0
es             0x0      0
fs             0x0      0
gs             0x0      0
(gdb) stepi 5
0x0000000000400f5d in func4 ()
(gdb) stepi
0x0000000000400f5f in func4 ()
(gdb) stepi
0x0000000000400f61 in func4 ()
(gdb) info register
rax            0x2      2
rbx            0x5      5
rcx            0x20     32
rdx            0x6      6
rsi            0x4      4
rdi            0x4      4
rbp            0x0      0x0
rsp            0x7fffffffe0a0   0x7fffffffe0a0
r8             0x2aaaab097060   46912502329440
r9             0x0      0
r10            0x0      0
r11            0x0      0
r12            0x400c50 4197456
r13            0x7fffffffe1d0   140737488347600
r14            0x0      0
r15            0x0      0
rip            0x400f61 0x400f61 <func4+16>
eflags         0x206    [ PF IF ]
cs             0x33     51
ss             0x2b     43
---Type <return> to continue, or q <return> to quit---
ds             0x0      0
es             0x0      0
fs             0x0      0
gs             0x0      0
(gdb) stepi
0x0000000000400f63 in func4 ()
(gdb) stepi
0x0000000000400f6d in func4 ()
(gdb) stepi 5

Breakpoint 9, 0x0000000000400f51 in func4 ()
(gdb) stepi 5
0x0000000000400f5b in func4 ()
(gdb) stepi 5
0x0000000000400f65 in func4 ()
(gdb) stepi
0x0000000000400f67 in func4 ()
(gdb) stepi
0x0000000000400f69 in func4 ()
(gdb) stepi
0x0000000000400f6b in func4 ()
(gdb) info register
rax            0x4      4
rbx            0x4      4
rcx            0x20     32
rdx            0x4      4
rsi            0x4      4
rdi            0x4      4
rbp            0x0      0x0
rsp            0x7fffffffe090   0x7fffffffe090
r8             0x2aaaab097060   46912502329440
r9             0x0      0
r10            0x0      0
r11            0x0      0
r12            0x400c50 4197456
r13            0x7fffffffe1d0   140737488347600
r14            0x0      0
r15            0x0      0
rip            0x400f6b 0x400f6b <func4+26>
eflags         0x246    [ PF ZF IF ]
cs             0x33     51
ss             0x2b     43
---Type <return> to continue, or q <return> to quit---
ds             0x0      0
es             0x0      0
fs             0x0      0
gs             0x0      0
(gdb) stepi
0x0000000000400f6c in func4 ()
(gdb) stepi
0x0000000000400f75 in func4 ()
(gdb) stepi
0x0000000000400f77 in func4 ()
(gdb) stepi
0x0000000000400f69 in func4 ()
(gdb) stepi
0x0000000000400f6b in func4 ()
(gdb) stepi
0x0000000000400f6c in func4 ()
(gdb) stepi
0x0000000000400f81 in func4 ()
(gdb) stepi
0x0000000000400f83 in func4 ()
(gdb) stepi
0x0000000000400f69 in func4 ()
(gdb) stepi
0x0000000000400f6b in func4 ()
(gdb) stepi
0x0000000000400f6c in func4 ()
(gdb) stepi
0x0000000000400f75 in func4 ()
(gdb) stepi
0x0000000000400f77 in func4 ()
(gdb) stepi
0x0000000000400f69 in func4 ()
(gdb) stepi
0x0000000000400f6b in func4 ()
(gdb) stepi
0x0000000000400f6c in func4 ()
(gdb) stepi
0x0000000000400fc6 in phase_4 ()
(gdb) info register
rax            0x13     19
rbx            0x0      0
rcx            0x20     32
rdx            0x4      4
rsi            0x4      4
rdi            0x4      4
rbp            0x0      0x0
rsp            0x7fffffffe0d0   0x7fffffffe0d0
r8             0x2aaaab097060   46912502329440
r9             0x0      0
r10            0x0      0
r11            0x0      0
r12            0x400c50 4197456
r13            0x7fffffffe1d0   140737488347600
r14            0x0      0
r15            0x0      0
rip            0x400fc6 0x400fc6 <phase_4+65>
eflags         0x212    [ AF IF ]
cs             0x33     51
ss             0x2b     43
---Type <return> to continue, or q <return> to quit---
ds             0x0      0
es             0x0      0
fs             0x0      0
gs             0x0      0
(gdb) run
The program being debugged has been started already.
Start it from the beginning? (y or n) y
Starting program: /home/edusc03/edusc03-032/Assignment2/bomb32/bomb 
Welcome to my fiendish little bomb. You have 6 phases with
which to blow yourself up. Have a nice day!
The future will be better tomorrow.
Phase 1 defused. How about the next one?
1 2 4 7 11 16
That's number 2.  Keep going!
2 684
Halfway there!
kill 

BOOM!!!
The bomb has blown up.
[Inferior 1 (process 3675) exited with code 010]
(gdb) delete
Delete all breakpoints? (y or n) y
(gdb) break func4
Breakpoint 10 at 0x400f51
(gdb) break *0x400fc6
Breakpoint 11 at 0x400fc6
(gdb) run
Starting program: /home/edusc03/edusc03-032/Assignment2/bomb32/bomb 
Welcome to my fiendish little bomb. You have 6 phases with
which to blow yourself up. Have a nice day!
The future will be better tomorrow.
Phase 1 defused. How about the next one?
1 2 4 7 11 16
That's number 2.  Keep going!
2 684
Halfway there!
14 27

Breakpoint 10, 0x0000000000400f51 in func4 ()
(gdb) info register
rax            0x2      2
rbx            0x0      0
rcx            0x20     32
rdx            0xe      14
rsi            0x0      0
rdi            0xe      14
rbp            0x0      0x0
rsp            0x7fffffffe0c8   0x7fffffffe0c8
r8             0x2aaaab097060   46912502329440
r9             0x0      0
r10            0x0      0
r11            0x0      0
r12            0x400c50 4197456
r13            0x7fffffffe1d0   140737488347600
r14            0x0      0
r15            0x0      0
rip            0x400f51 0x400f51 <func4>
eflags         0x246    [ PF ZF IF ]
cs             0x33     51
ss             0x2b     43
---Type <return> to continue, or q <return> to quit---
ds             0x0      0
es             0x0      0
fs             0x0      0
gs             0x0      0
(gdb) continue
Continuing.

Breakpoint 10, 0x0000000000400f51 in func4 ()
(gdb) info register
rax            0xe      14
rbx            0x7      7
rcx            0x20     32
rdx            0xe      14
rsi            0x8      8
rdi            0xe      14
rbp            0x0      0x0
rsp            0x7fffffffe0b8   0x7fffffffe0b8
r8             0x2aaaab097060   46912502329440
r9             0x0      0
r10            0x0      0
r11            0x0      0
r12            0x400c50 4197456
r13            0x7fffffffe1d0   140737488347600
r14            0x0      0
r15            0x0      0
rip            0x400f51 0x400f51 <func4>
eflags         0x297    [ CF PF AF SF IF ]
cs             0x33     51
ss             0x2b     43
---Type <return> to continue, or q <return> to quit---
ds             0x0      0
es             0x0      0
fs             0x0      0
gs             0x0      0
(gdb) continue
Continuing.

Breakpoint 10, 0x0000000000400f51 in func4 ()
(gdb) info register
rax            0x6      6
rbx            0xb      11
rcx            0x20     32
rdx            0xe      14
rsi            0xc      12
rdi            0xe      14
rbp            0x0      0x0
rsp            0x7fffffffe0a8   0x7fffffffe0a8
r8             0x2aaaab097060   46912502329440
r9             0x0      0
r10            0x0      0
r11            0x0      0
r12            0x400c50 4197456
r13            0x7fffffffe1d0   140737488347600
r14            0x0      0
r15            0x0      0
rip            0x400f51 0x400f51 <func4>
eflags         0x293    [ CF AF SF IF ]
cs             0x33     51
ss             0x2b     43
---Type <return> to continue, or q <return> to quit---
ds             0x0      0
es             0x0      0
fs             0x0      0
gs             0x0      0
(gdb) continue
Continuing.

Breakpoint 10, 0x0000000000400f51 in func4 ()
(gdb) info register
rax            0x2      2
rbx            0xd      13
rcx            0x20     32
rdx            0xe      14
rsi            0xe      14
rdi            0xe      14
rbp            0x0      0x0
rsp            0x7fffffffe098   0x7fffffffe098
r8             0x2aaaab097060   46912502329440
r9             0x0      0
r10            0x0      0
r11            0x0      0
r12            0x400c50 4197456
r13            0x7fffffffe1d0   140737488347600
r14            0x0      0
r15            0x0      0
rip            0x400f51 0x400f51 <func4>
eflags         0x297    [ CF PF AF SF IF ]
cs             0x33     51
ss             0x2b     43
---Type <return> to continue, or q <return> to quit---
ds             0x0      0
es             0x0      0
fs             0x0      0
gs             0x0      0
(gdb) continue
Continuing.

Breakpoint 11, 0x0000000000400fc6 in phase_4 ()
(gdb) info register
rax            0x2d     45
rbx            0x0      0
rcx            0x20     32
rdx            0xe      14
rsi            0xe      14
rdi            0xe      14
rbp            0x0      0x0
rsp            0x7fffffffe0d0   0x7fffffffe0d0
r8             0x2aaaab097060   46912502329440
r9             0x0      0
r10            0x0      0
r11            0x0      0
r12            0x400c50 4197456
r13            0x7fffffffe1d0   140737488347600
r14            0x0      0
r15            0x0      0
rip            0x400fc6 0x400fc6 <phase_4+65>
eflags         0x206    [ PF IF ]
cs             0x33     51
ss             0x2b     43
---Type <return> to continue, or q <return> to quit---
ds             0x0      0
es             0x0      0
fs             0x0      0
gs             0x0      0
(gdb) run
The program being debugged has been started already.
Start it from the beginning? (y or n) y
Starting program: /home/edusc03/edusc03-032/Assignment2/bomb32/bomb 
Welcome to my fiendish little bomb. You have 6 phases with
which to blow yourself up. Have a nice day!
The future will be better tomorrow.
Phase 1 defused. How about the next one?
1 2 4 7 11 16
That's number 2.  Keep going!
2 684
Halfway there!
11 27

Breakpoint 10, 0x0000000000400f51 in func4 ()
(gdb) info register
rax            0x2      2
rbx            0x0      0
rcx            0x20     32
rdx            0xe      14
rsi            0x0      0
rdi            0xb      11
rbp            0x0      0x0
rsp            0x7fffffffe0c8   0x7fffffffe0c8
r8             0x2aaaab097060   46912502329440
r9             0x0      0
r10            0x0      0
r11            0x0      0
r12            0x400c50 4197456
r13            0x7fffffffe1d0   140737488347600
r14            0x0      0
r15            0x0      0
rip            0x400f51 0x400f51 <func4>
eflags         0x293    [ CF AF SF IF ]
cs             0x33     51
ss             0x2b     43
---Type <return> to continue, or q <return> to quit---
ds             0x0      0
es             0x0      0
fs             0x0      0
gs             0x0      0
(gdb) continue
Continuing.

Breakpoint 10, 0x0000000000400f51 in func4 ()
(gdb) info register
rax            0xe      14
rbx            0x7      7
rcx            0x20     32
rdx            0xe      14
rsi            0x8      8
rdi            0xb      11
rbp            0x0      0x0
rsp            0x7fffffffe0b8   0x7fffffffe0b8
r8             0x2aaaab097060   46912502329440
r9             0x0      0
r10            0x0      0
r11            0x0      0
r12            0x400c50 4197456
r13            0x7fffffffe1d0   140737488347600
r14            0x0      0
r15            0x0      0
rip            0x400f51 0x400f51 <func4>
eflags         0x297    [ CF PF AF SF IF ]
cs             0x33     51
ss             0x2b     43
---Type <return> to continue, or q <return> to quit---
ds             0x0      0
es             0x0      0
fs             0x0      0
gs             0x0      0
(gdb) continue
Continuing.

Breakpoint 11, 0x0000000000400fc6 in phase_4 ()
(gdb) info register
rax            0x12     18
rbx            0x0      0
rcx            0x20     32
rdx            0xe      14
rsi            0x8      8
rdi            0xb      11
rbp            0x0      0x0
rsp            0x7fffffffe0d0   0x7fffffffe0d0
r8             0x2aaaab097060   46912502329440
r9             0x0      0
r10            0x0      0
r11            0x0      0
r12            0x400c50 4197456
r13            0x7fffffffe1d0   140737488347600
r14            0x0      0
r15            0x0      0
rip            0x400fc6 0x400fc6 <phase_4+65>
eflags         0x216    [ PF AF IF ]
cs             0x33     51
ss             0x2b     43
---Type <return> to continue, or q <return> to quit---
ds             0x0      0
es             0x0      0
fs             0x0      0
gs             0x0      0
(gdb) quit
A debugging session is active.

        Inferior 1 [process 3787] will be killed.

Quit anyway? (y or n) y
[edusc03-032@cheetah022 bomb32]$ 

[edusc03-032@cheetah ~]$  ssh cheetah022
Last login: Thu May 26 23:15:15 2022 from 172.31.60.200
[edusc03-032@cheetah022 ~]$ ls
Assignment2
[edusc03-032@cheetah022 ~]$ cd Assignment2
[edusc03-032@cheetah022 Assignment2]$ ls
bomb32  bomb32.tar  phase_2_3.txt  screenshot32.txt
[edusc03-032@cheetah022 Assignment2]$ cd bomb32
[edusc03-032@cheetah022 bomb32]$ ls
bomb  bomb_assembly.asm  bomb.c  func4.c  ID  psol.txt  README
[edusc03-032@cheetah022 bomb32]$ gdb bomb
GNU gdb (GDB) Red Hat Enterprise Linux 7.6.1-100.el7
Copyright (C) 2013 Free Software Foundation, Inc.
License GPLv3+: GNU GPL version 3 or later <http://gnu.org/licenses/gpl.html>
This is free software: you are free to change and redistribute it.
There is NO WARRANTY, to the extent permitted by law.  Type "show copying"
and "show warranty" for details.
This GDB was configured as "x86_64-redhat-linux-gnu".
For bug reporting instructions, please see:
<http://www.gnu.org/software/gdb/bugs/>...
Reading symbols from /home/edusc03/edusc03-032/Assignment2/bomb32/bomb...done.
(gdb) run
Starting program: /home/edusc03/edusc03-032/Assignment2/bomb32/bomb 
Welcome to my fiendish little bomb. You have 6 phases with
which to blow yourself up. Have a nice day!
The future will be better tomorrow.
Phase 1 defused. How about the next one?
1 2 4 7 11 16
That's number 2.  Keep going!
2 684
Halfway there!
9 27
So you got that one.  Try this one.
^C
Program received signal SIGINT, Interrupt.
0x00002aaaaadbeb40 in __read_nocancel () from /lib64/libc.so.6
Missing separate debuginfos, use: debuginfo-install glibc-2.17-325.el7_9.x86_64
(gdb) 

[edusc03-032@cheetah ~]$  ssh cheetah022
Last login: Fri May 27 11:16:24 2022 from 172.31.60.200
[edusc03-032@cheetah022 ~]$ cd Assignment2/bomb32
[edusc03-032@cheetah022 bomb32]$ gdb bomb
GNU gdb (GDB) Red Hat Enterprise Linux 7.6.1-100.el7
Copyright (C) 2013 Free Software Foundation, Inc.
License GPLv3+: GNU GPL version 3 or later <http://gnu.org/licenses/gpl.html>
This is free software: you are free to change and redistribute it.
There is NO WARRANTY, to the extent permitted by law.  Type "show copying"
and "show warranty" for details.
This GDB was configured as "x86_64-redhat-linux-gnu".
For bug reporting instructions, please see:
<http://www.gnu.org/software/gdb/bugs/>...
Reading symbols from /home/edusc03/edusc03-032/Assignment2/bomb32/bomb...done.
(gdb) break phase_5
Breakpoint 1 at 0x400fdc
(gdb) run
Starting program: /home/edusc03/edusc03-032/Assignment2/bomb32/bomb 
Welcome to my fiendish little bomb. You have 6 phases with
which to blow yourself up. Have a nice day!
The future will be better tomorrow.
Phase 1 defused. How about the next one?
1 2 4 7 11 16
That's number 2.  Keep going!
2 684
Halfway there!
9 27
So you got that one.  Try this one.
t t t

Breakpoint 1, 0x0000000000400fdc in phase_5 ()
Missing separate debuginfos, use: debuginfo-install glibc-2.17-325.el7_9.x86_64
(gdb) x/s 0x40244f
0x40244f:       "%d %d"
(gdb) x/s 0x402300
0x402300 <array.3236>:  "\n"
(gdb) print 0x402300
$1 = 4203264
(gdb) break 0x40101b
Function "0x40101b" not defined.
Make breakpoint pending on future shared library load? (y or [n]) n
(gdb) break *0x40101b
Breakpoint 2 at 0x40101b
(gdb) run
The program being debugged has been started already.
Start it from the beginning? (y or n) y
Starting program: /home/edusc03/edusc03-032/Assignment2/bomb32/bomb 
Welcome to my fiendish little bomb. You have 6 phases with
which to blow yourself up. Have a nice day!
The future will be better tomorrow.
Phase 1 defused. How about the next one?
1 2 4 7 11 16
That's number 2.  Keep going!
2 684
Halfway there!
9 27
So you got that one.  Try this one.
5 14

Breakpoint 1, 0x0000000000400fdc in phase_5 ()
(gdb) info register
rax            0x6038e0 6306016
rbx            0x0      0
rcx            0x4      4
rdx            0x6038e0 6306016
rsi            0x4      4
rdi            0x6038e0 6306016
rbp            0x0      0x0
rsp            0x7fffffffe0e8   0x7fffffffe0e8
r8             0x2aaaaaad1005   46912496275461
r9             0x0      0
r10            0x4      4
r11            0x246    582
r12            0x400c50 4197456
r13            0x7fffffffe1d0   140737488347600
r14            0x0      0
r15            0x0      0
rip            0x400fdc 0x400fdc <phase_5>
eflags         0x206    [ PF IF ]
cs             0x33     51
ss             0x2b     43
---Type <return> to continue, or q <return> to quit---
ds             0x0      0
es             0x0      0
fs             0x0      0
gs             0x0      0
(gdb) continue
Continuing.

Breakpoint 2, 0x000000000040101b in phase_5 ()
(gdb) info register
rax            0x5      5
rbx            0x0      0
rcx            0x0      0
rdx            0x1      1
rsi            0x0      0
rdi            0x7fffffffdad0   140737488345808
rbp            0x0      0x0
rsp            0x7fffffffe0d0   0x7fffffffe0d0
r8             0x2aaaab097060   46912502329440
r9             0x0      0
r10            0x0      0
r11            0x0      0
r12            0x400c50 4197456
r13            0x7fffffffe1d0   140737488347600
r14            0x0      0
r15            0x0      0
rip            0x40101b 0x40101b <phase_5+63>
eflags         0x202    [ IF ]
cs             0x33     51
ss             0x2b     43
---Type <return> to continue, or q <return> to quit---
ds             0x0      0
es             0x0      0
fs             0x0      0
gs             0x0      0
(gdb) stepi
0x000000000040101d in phase_5 ()
(gdb) info register
rax            0x5      5
rbx            0x0      0
rcx            0x0      0
rdx            0x1      1
rsi            0x0      0
rdi            0x7fffffffdad0   140737488345808
rbp            0x0      0x0
rsp            0x7fffffffe0d0   0x7fffffffe0d0
r8             0x2aaaab097060   46912502329440
r9             0x0      0
r10            0x0      0
r11            0x0      0
r12            0x400c50 4197456
r13            0x7fffffffe1d0   140737488347600
r14            0x0      0
r15            0x0      0
rip            0x40101d 0x40101d <phase_5+65>
eflags         0x202    [ IF ]
cs             0x33     51
ss             0x2b     43
---Type <return> to continue, or q <return> to quit---
ds             0x0      0
es             0x0      0
fs             0x0      0
gs             0x0      0
(gdb) stepi
0x0000000000401024 in phase_5 ()
(gdb) info register
rax            0xc      12
rbx            0x0      0
rcx            0x0      0
rdx            0x1      1
rsi            0x0      0
rdi            0x7fffffffdad0   140737488345808
rbp            0x0      0x0
rsp            0x7fffffffe0d0   0x7fffffffe0d0
r8             0x2aaaab097060   46912502329440
r9             0x0      0
r10            0x0      0
r11            0x0      0
r12            0x400c50 4197456
r13            0x7fffffffe1d0   140737488347600
r14            0x0      0
r15            0x0      0
rip            0x401024 0x401024 <phase_5+72>
eflags         0x202    [ IF ]
cs             0x33     51
ss             0x2b     43
---Type <return> to continue, or q <return> to quit---
ds             0x0      0
es             0x0      0
fs             0x0      0
gs             0x0      0
(gdb) print /d $eax
$2 = 12
(gdb) continue
Continuing.

Breakpoint 2, 0x000000000040101b in phase_5 ()
(gdb) info register
rax            0xc      12
rbx            0x0      0
rcx            0xc      12
rdx            0x2      2
rsi            0x0      0
rdi            0x7fffffffdad0   140737488345808
rbp            0x0      0x0
rsp            0x7fffffffe0d0   0x7fffffffe0d0
r8             0x2aaaab097060   46912502329440
r9             0x0      0
r10            0x0      0
r11            0x0      0
r12            0x400c50 4197456
r13            0x7fffffffe1d0   140737488347600
r14            0x0      0
r15            0x0      0
rip            0x40101b 0x40101b <phase_5+63>
eflags         0x202    [ IF ]
cs             0x33     51
ss             0x2b     43
---Type <return> to continue, or q <return> to quit---
ds             0x0      0
es             0x0      0
fs             0x0      0
gs             0x0      0
(gdb) stepi
0x000000000040101d in phase_5 ()
(gdb) stepi
0x0000000000401024 in phase_5 ()
(gdb) info register
rax            0x3      3
rbx            0x0      0
rcx            0xc      12
rdx            0x2      2
rsi            0x0      0
rdi            0x7fffffffdad0   140737488345808
rbp            0x0      0x0
rsp            0x7fffffffe0d0   0x7fffffffe0d0
r8             0x2aaaab097060   46912502329440
r9             0x0      0
r10            0x0      0
r11            0x0      0
r12            0x400c50 4197456
r13            0x7fffffffe1d0   140737488347600
r14            0x0      0
r15            0x0      0
rip            0x401024 0x401024 <phase_5+72>
eflags         0x202    [ IF ]
cs             0x33     51
ss             0x2b     43
---Type <return> to continue, or q <return> to quit---
ds             0x0      0
es             0x0      0
fs             0x0      0
gs             0x0      0
(gdb) continue
Continuing.

Breakpoint 2, 0x000000000040101b in phase_5 ()
(gdb) info register
rax            0x3      3
rbx            0x0      0
rcx            0xf      15
rdx            0x3      3
rsi            0x0      0
rdi            0x7fffffffdad0   140737488345808
rbp            0x0      0x0
rsp            0x7fffffffe0d0   0x7fffffffe0d0
r8             0x2aaaab097060   46912502329440
r9             0x0      0
r10            0x0      0
r11            0x0      0
r12            0x400c50 4197456
r13            0x7fffffffe1d0   140737488347600
r14            0x0      0
r15            0x0      0
rip            0x40101b 0x40101b <phase_5+63>
eflags         0x206    [ PF IF ]
cs             0x33     51
ss             0x2b     43
---Type <return> to continue, or q <return> to quit---
ds             0x0      0
es             0x0      0
fs             0x0      0
gs             0x0      0
(gdb) stepi
0x000000000040101d in phase_5 ()
(gdb) stepi
0x0000000000401024 in phase_5 ()
(gdb) info register
rax            0x7      7
rbx            0x0      0
rcx            0xf      15
rdx            0x3      3
rsi            0x0      0
rdi            0x7fffffffdad0   140737488345808
rbp            0x0      0x0
rsp            0x7fffffffe0d0   0x7fffffffe0d0
r8             0x2aaaab097060   46912502329440
r9             0x0      0
r10            0x0      0
r11            0x0      0
r12            0x400c50 4197456
r13            0x7fffffffe1d0   140737488347600
r14            0x0      0
r15            0x0      0
rip            0x401024 0x401024 <phase_5+72>
eflags         0x206    [ PF IF ]
cs             0x33     51
ss             0x2b     43
---Type <return> to continue, or q <return> to quit---
ds             0x0      0
es             0x0      0
fs             0x0      0
gs             0x0      0
(gdb) continue
Continuing.

Breakpoint 2, 0x000000000040101b in phase_5 ()
(gdb) stepi
0x000000000040101d in phase_5 ()
(gdb) info register
rax            0x7      7
rbx            0x0      0
rcx            0x16     22
rdx            0x4      4
rsi            0x0      0
rdi            0x7fffffffdad0   140737488345808
rbp            0x0      0x0
rsp            0x7fffffffe0d0   0x7fffffffe0d0
r8             0x2aaaab097060   46912502329440
r9             0x0      0
r10            0x0      0
r11            0x0      0
r12            0x400c50 4197456
r13            0x7fffffffe1d0   140737488347600
r14            0x0      0
r15            0x0      0
rip            0x40101d 0x40101d <phase_5+65>
eflags         0x202    [ IF ]
cs             0x33     51
ss             0x2b     43
---Type <return> to continue, or q <return> to quit---
ds             0x0      0
es             0x0      0
fs             0x0      0
gs             0x0      0
(gdb) stepi
0x0000000000401024 in phase_5 ()
(gdb) info register
rax            0xb      11
rbx            0x0      0
rcx            0x16     22
rdx            0x4      4
rsi            0x0      0
rdi            0x7fffffffdad0   140737488345808
rbp            0x0      0x0
rsp            0x7fffffffe0d0   0x7fffffffe0d0
r8             0x2aaaab097060   46912502329440
r9             0x0      0
r10            0x0      0
r11            0x0      0
r12            0x400c50 4197456
r13            0x7fffffffe1d0   140737488347600
r14            0x0      0
r15            0x0      0
rip            0x401024 0x401024 <phase_5+72>
eflags         0x202    [ IF ]
cs             0x33     51
ss             0x2b     43
---Type <return> to continue, or q <return> to quit---
ds             0x0      0
es             0x0      0
fs             0x0      0
gs             0x0      0
(gdb) stepi
0x0000000000401026 in phase_5 ()
(gdb) stepi
0x0000000000401029 in phase_5 ()
(gdb) info register
rax            0xb      11
rbx            0x0      0
rcx            0x21     33
rdx            0x4      4
rsi            0x0      0
rdi            0x7fffffffdad0   140737488345808
rbp            0x0      0x0
rsp            0x7fffffffe0d0   0x7fffffffe0d0
r8             0x2aaaab097060   46912502329440
r9             0x0      0
r10            0x0      0
r11            0x0      0
r12            0x400c50 4197456
r13            0x7fffffffe1d0   140737488347600
r14            0x0      0
r15            0x0      0
rip            0x401029 0x401029 <phase_5+77>
eflags         0x297    [ CF PF AF SF IF ]
cs             0x33     51
ss             0x2b     43
---Type <return> to continue, or q <return> to quit---
ds             0x0      0
es             0x0      0
fs             0x0      0
gs             0x0      0
(gdb) info register
rax            0xb      11
rbx            0x0      0
rcx            0x21     33
rdx            0x4      4
rsi            0x0      0
rdi            0x7fffffffdad0   140737488345808
rbp            0x0      0x0
rsp            0x7fffffffe0d0   0x7fffffffe0d0
r8             0x2aaaab097060   46912502329440
r9             0x0      0
r10            0x0      0
r11            0x0      0
r12            0x400c50 4197456
r13            0x7fffffffe1d0   140737488347600
r14            0x0      0
r15            0x0      0
rip            0x401029 0x401029 <phase_5+77>
eflags         0x297    [ CF PF AF SF IF ]
cs             0x33     51
ss             0x2b     43
---Type <return> to continue, or q <return> to quit---
ds             0x0      0
es             0x0      0
fs             0x0      0
gs             0x0      0
(gdb) stepi
0x0000000000401018 in phase_5 ()
(gdb) info register
rax            0xb      11
rbx            0x0      0
rcx            0x21     33
rdx            0x4      4
rsi            0x0      0
rdi            0x7fffffffdad0   140737488345808
rbp            0x0      0x0
rsp            0x7fffffffe0d0   0x7fffffffe0d0
r8             0x2aaaab097060   46912502329440
r9             0x0      0
r10            0x0      0
r11            0x0      0
r12            0x400c50 4197456
r13            0x7fffffffe1d0   140737488347600
r14            0x0      0
r15            0x0      0
rip            0x401018 0x401018 <phase_5+60>
eflags         0x297    [ CF PF AF SF IF ]
cs             0x33     51
ss             0x2b     43
---Type <return> to continue, or q <return> to quit---
ds             0x0      0
es             0x0      0
fs             0x0      0
gs             0x0      0
(gdb) stepi

Breakpoint 2, 0x000000000040101b in phase_5 ()
(gdb) stepi
0x000000000040101d in phase_5 ()
(gdb) info register
rax            0xb      11
rbx            0x0      0
rcx            0x21     33
rdx            0x5      5
rsi            0x0      0
rdi            0x7fffffffdad0   140737488345808
rbp            0x0      0x0
rsp            0x7fffffffe0d0   0x7fffffffe0d0
r8             0x2aaaab097060   46912502329440
r9             0x0      0
r10            0x0      0
r11            0x0      0
r12            0x400c50 4197456
r13            0x7fffffffe1d0   140737488347600
r14            0x0      0
r15            0x0      0
rip            0x40101d 0x40101d <phase_5+65>
eflags         0x206    [ PF IF ]
cs             0x33     51
ss             0x2b     43
---Type <return> to continue, or q <return> to quit---
ds             0x0      0
es             0x0      0
fs             0x0      0
gs             0x0      0
(gdb) stepi
0x0000000000401024 in phase_5 ()
(gdb) info register
rax            0xd      13
rbx            0x0      0
rcx            0x21     33
rdx            0x5      5
rsi            0x0      0
rdi            0x7fffffffdad0   140737488345808
rbp            0x0      0x0
rsp            0x7fffffffe0d0   0x7fffffffe0d0
r8             0x2aaaab097060   46912502329440
r9             0x0      0
r10            0x0      0
r11            0x0      0
r12            0x400c50 4197456
r13            0x7fffffffe1d0   140737488347600
r14            0x0      0
r15            0x0      0
rip            0x401024 0x401024 <phase_5+72>
eflags         0x206    [ PF IF ]
cs             0x33     51
ss             0x2b     43
---Type <return> to continue, or q <return> to quit---
ds             0x0      0
es             0x0      0
fs             0x0      0
gs             0x0      0
(gdb) x/g 0x402300
0x402300 <array.3236>:  8589934602
(gdb) x/17w 0x402300
0x402300 <array.3236>:  10      2       14      7
0x402310 <array.3236+16>:       8       12      15      11
0x402320 <array.3236+32>:       0       4       1       13
0x402330 <array.3236+48>:       3       9       6       5
0x402340:       2032168787
(gdb) break *0x401043
Breakpoint 3 at 0x401043
(gdb) disable 1
(gdb) disable 2
(gdb) run
The program being debugged has been started already.
Start it from the beginning? (y or n) y
Starting program: /home/edusc03/edusc03-032/Assignment2/bomb32/bomb 
Welcome to my fiendish little bomb. You have 6 phases with
which to blow yourself up. Have a nice day!
The future will be better tomorrow.
Phase 1 defused. How about the next one?
1 2 4 7 11 16
That's number 2.  Keep going!
2 684
Halfway there!
9 27
So you got that one.  Try this one.
5 115

Breakpoint 3, 0x0000000000401043 in phase_5 ()
(gdb) stepi
0x0000000000401047 in phase_5 ()
(gdb) break phase_6
Breakpoint 4 at 0x40104f
(gdb) stepi
main (argc=<optimized out>, argv=<optimized out>) at bomb.c:102
102         phase_defused();
(gdb) disable 3
(gdb) run
The program being debugged has been started already.
Start it from the beginning? (y or n) y
Starting program: /home/edusc03/edusc03-032/Assignment2/bomb32/bomb 
Welcome to my fiendish little bomb. You have 6 phases with
which to blow yourself up. Have a nice day!
The future will be better tomorrow.
Phase 1 defused. How about the next one?
1 2 4 7 11 16
That's number 2.  Keep going!
2 684
Halfway there!
9 27
So you got that one.  Try this one.
5 115
Good work!  On to the next...
^C
Program received signal SIGINT, Interrupt.
0x00002aaaaadbeb40 in __read_nocancel () from /lib64/libc.so.6
(gdb) 

9 27
So you got that one.  Try this one.
5 115
Good work!  On to the next...
1 2 3 4 5 6

Breakpoint 5, 0x0000000000401065 in phase_6 ()
(gdb) info register
rax            0x6      6
rbx            0x0      0
rcx            0x7fffffffe060   140737488347232
rdx            0x0      0
rsi            0x0      0
rdi            0x7fffffffda50   140737488345680
rbp            0x0      0x0
rsp            0x7fffffffe070   0x7fffffffe070
r8             0x2aaaab097060   46912502329440
r9             0x0      0
r10            0x0      0
r11            0x0      0
r12            0x400c50 4197456
r13            0x7fffffffe1d0   140737488347600
r14            0x0      0
r15            0x0      0
rip            0x401065 0x401065 <phase_6+22>
eflags         0x202    [ IF ]
cs             0x33     51
ss             0x2b     43
---Type <return> to continue, or q <return> to quit---
ds             0x0      0
es             0x0      0
fs             0x0      0
gs             0x0      0
(gdb) x/7w *($rsp)
Attempt to dereference a generic pointer.
(gdb) x/7w ($rsp)
0x7fffffffe070: -1425443840     10922   -1425443264     10922
0x7fffffffe080: 6306096 0       0
(gdb) x/w ($rsp)
0x7fffffffe070: -1425443840
(gdb) x/s ($rsp)
0x7fffffffe070: ""
(gdb) x/d ($rsp)
0x7fffffffe070: 0
(gdb) print *(int *) ($rsp)
$3 = -1425443840
(gdb) stepi
0x000000000040106a in phase_6 ()
(gdb) info register
rax            0x6      6
rbx            0x0      0
rcx            0x7fffffffe060   140737488347232
rdx            0x0      0
rsi            0x0      0
rdi            0x7fffffffda50   140737488345680
rbp            0x0      0x0
rsp            0x7fffffffe070   0x7fffffffe070
r8             0x2aaaab097060   46912502329440
r9             0x0      0
r10            0x0      0
r11            0x0      0
r12            0x7fffffffe0a0   140737488347296
r13            0x7fffffffe1d0   140737488347600
r14            0x0      0
r15            0x0      0
rip            0x40106a 0x40106a <phase_6+27>
eflags         0x202    [ IF ]
cs             0x33     51
ss             0x2b     43
---Type <return> to continue, or q <return> to quit---
ds             0x0      0
es             0x0      0
fs             0x0      0
gs             0x0      0
(gdb) print *(int *) ($r12+24)
$4 = 6306096
(gdb) stepi
0x000000000040106d in phase_6 ()
(gdb) stepi
0x0000000000401073 in phase_6 ()
(gdb) stepi
0x000000000040109b in phase_6 ()
(gdb) stepi
0x000000000040109e in phase_6 ()
(gdb) stepi
0x00000000004010a2 in phase_6 ()
(gdb) info register
rax            0x1      1
rbx            0x0      0
rcx            0x7fffffffe060   140737488347232
rdx            0x0      0
rsi            0x0      0
rdi            0x7fffffffda50   140737488345680
rbp            0x7fffffffe0a0   0x7fffffffe0a0
rsp            0x7fffffffe070   0x7fffffffe070
r8             0x2aaaab097060   46912502329440
r9             0x0      0
r10            0x0      0
r11            0x0      0
r12            0x7fffffffe0a0   140737488347296
r13            0x7fffffffe0a0   140737488347296
r14            0x0      0
r15            0x0      0
rip            0x4010a2 0x4010a2 <phase_6+83>
eflags         0x202    [ IF ]
cs             0x33     51
ss             0x2b     43
---Type <return> to continue, or q <return> to quit---
ds             0x0      0
es             0x0      0
fs             0x0      0
gs             0x0      0
(gdb) stepi
0x00000000004010a5 in phase_6 ()
(gdb) stepi
0x00000000004010a8 in phase_6 ()
(gdb) stepi
0x00000000004010aa in phase_6 ()
(gdb) stepi
0x00000000004010ae in phase_6 ()
(gdb) stepi
0x00000000004010b2 in phase_6 ()
(gdb) stepi
0x00000000004010b4 in phase_6 ()
(gdb) stepi
0x00000000004010b7 in phase_6 ()
(gdb) info register
rax            0x0      0
rbx            0x1      1
rcx            0x7fffffffe060   140737488347232
rdx            0x0      0
rsi            0x0      0
rdi            0x7fffffffda50   140737488345680
rbp            0x7fffffffe0a0   0x7fffffffe0a0
rsp            0x7fffffffe070   0x7fffffffe070
r8             0x2aaaab097060   46912502329440
r9             0x0      0
r10            0x0      0
r11            0x0      0
r12            0x7fffffffe0a0   140737488347296
r13            0x7fffffffe0a0   140737488347296
r14            0x1      1
r15            0x0      0
rip            0x4010b7 0x4010b7 <phase_6+104>
eflags         0x293    [ CF AF SF IF ]
cs             0x33     51
ss             0x2b     43
---Type <return> to continue, or q <return> to quit---
ds             0x0      0
es             0x0      0
fs             0x0      0
gs             0x0      0
(gdb) x/36w 0x6032f0 
0x6032f0 <node1>:       518     1       6304512 0
0x603300 <node2>:       654     2       6304528 0
0x603310 <node3>:       767     3       6304544 0
0x603320 <node4>:       626     4       6304560 0
0x603330 <node5>:       606     5       6304576 0
0x603340 <node6>:       136     6       0       0
0x603350 <bomb_id>:     32      0       0       0
0x603360 <host_table>:  4203689 0       4203702 0
0x603370 <host_table+16>:       4203714 0       0       0
(gdb) delete
Delete all breakpoints? (y or n) y
(gdb) run
The program being debugged has been started already.
Start it from the beginning? (y or n) y
Starting program: /home/edusc03/edusc03-032/Assignment2/bomb32/bomb 
Welcome to my fiendish little bomb. You have 6 phases with
which to blow yourself up. Have a nice day!
The future will be better tomorrow.
Phase 1 defused. How about the next one?
1 2 4 7 11 16
That's number 2.  Keep going!
2 684
Halfway there!
9 27
So you got that one.  Try this one.
5 115
Good work!  On to the next...
3 2 4 5 1 6 

BOOM!!!
The bomb has blown up.
[Inferior 1 (process 18255) exited with code 010]
(gdb) run
Starting program: /home/edusc03/edusc03-032/Assignment2/bomb32/bomb 
Welcome to my fiendish little bomb. You have 6 phases with
which to blow yourself up. Have a nice day!
The future will be better tomorrow.
Phase 1 defused. How about the next one?
1 2 4 7 11 16
That's number 2.  Keep going!
2 684
Halfway there!
9 27
So you got that one.  Try this one.
5 115
Good work!  On to the next...
5 4 2 3 6 1

BOOM!!!
The bomb has blown up.
[Inferior 1 (process 18293) exited with code 010]
(gdb) break phase_6
Breakpoint 6 at 0x40104f
(gdb) break *0x40115c
Breakpoint 7 at 0x40115c
(gdb) break *0x4010a8
Breakpoint 8 at 0x4010a8
(gdb) break *0x40108e
Breakpoint 9 at 0x40108e
(gdb) break *0x40115e
Breakpoint 10 at 0x40115e
(gdb) break *0x401073
Breakpoint 11 at 0x401073
(gdb) run
Starting program: /home/edusc03/edusc03-032/Assignment2/bomb32/bomb 
Welcome to my fiendish little bomb. You have 6 phases with
which to blow yourself up. Have a nice day!
The future will be better tomorrow.
Phase 1 defused. How about the next one?
1 2 4 7 11 16
That's number 2.  Keep going!
2 684
Halfway there!
9 27
So you got that one.  Try this one.
5 115
Good work!  On to the next...
3 2 4 5 1 6

Breakpoint 6, 0x000000000040104f in phase_6 ()
(gdb) info register
rax            0x603930 6306096
rbx            0x0      0
rcx            0xb      11
rdx            0x603930 6306096
rsi            0x5      5
rdi            0x603930 6306096
rbp            0x0      0x0
rsp            0x7fffffffe0e8   0x7fffffffe0e8
r8             0x2aaaaaad100c   46912496275468
r9             0x0      0
r10            0xb      11
r11            0x246    582
r12            0x400c50 4197456
r13            0x7fffffffe1d0   140737488347600
r14            0x0      0
r15            0x0      0
rip            0x40104f 0x40104f <phase_6>
eflags         0x206    [ PF IF ]
cs             0x33     51
ss             0x2b     43
---Type <return> to continue, or q <return> to quit---
ds             0x0      0
es             0x0      0
fs             0x0      0
gs             0x0      0
(gdb) stepi
0x0000000000401051 in phase_6 ()
(gdb) continue
Continuing.

Breakpoint 11, 0x0000000000401073 in phase_6 ()
(gdb) info register
rax            0x6      6
rbx            0x0      0
rcx            0x7fffffffe060   140737488347232
rdx            0x0      0
rsi            0x0      0
rdi            0x7fffffffda50   140737488345680
rbp            0x0      0x0
rsp            0x7fffffffe070   0x7fffffffe070
r8             0x2aaaab097060   46912502329440
r9             0x0      0
r10            0x0      0
r11            0x0      0
r12            0x7fffffffe0a0   140737488347296
r13            0x7fffffffe0a0   140737488347296
r14            0x0      0
r15            0x0      0
rip            0x401073 0x401073 <phase_6+36>
eflags         0x202    [ IF ]
cs             0x33     51
ss             0x2b     43
---Type <return> to continue, or q <return> to quit---
ds             0x0      0
es             0x0      0
fs             0x0      0
gs             0x0      0
(gdb) continue
Continuing.

Breakpoint 8, 0x00000000004010a8 in phase_6 ()
(gdb) info register
rax            0x2      2
rbx            0x0      0
rcx            0x7fffffffe060   140737488347232
rdx            0x0      0
rsi            0x0      0
rdi            0x7fffffffda50   140737488345680
rbp            0x7fffffffe0a0   0x7fffffffe0a0
rsp            0x7fffffffe070   0x7fffffffe070
r8             0x2aaaab097060   46912502329440
r9             0x0      0
r10            0x0      0
r11            0x0      0
r12            0x7fffffffe0a0   140737488347296
r13            0x7fffffffe0a0   140737488347296
r14            0x0      0
r15            0x0      0
rip            0x4010a8 0x4010a8 <phase_6+89>
eflags         0x293    [ CF AF SF IF ]
cs             0x33     51
ss             0x2b     43
---Type <return> to continue, or q <return> to quit---
ds             0x0      0
es             0x0      0
fs             0x0      0
gs             0x0      0
(gdb) continue
Continuing.

Breakpoint 9, 0x000000000040108e in phase_6 ()
(gdb) info register
rax            0x2      2
rbx            0x1      1
rcx            0x7fffffffe060   140737488347232
rdx            0x0      0
rsi            0x0      0
rdi            0x7fffffffda50   140737488345680
rbp            0x7fffffffe0a0   0x7fffffffe0a0
rsp            0x7fffffffe070   0x7fffffffe070
r8             0x2aaaab097060   46912502329440
r9             0x0      0
r10            0x0      0
r11            0x0      0
r12            0x7fffffffe0a0   140737488347296
r13            0x7fffffffe0a0   140737488347296
r14            0x1      1
r15            0x0      0
rip            0x40108e 0x40108e <phase_6+63>
eflags         0x202    [ IF ]
cs             0x33     51
ss             0x2b     43
---Type <return> to continue, or q <return> to quit---
ds             0x0      0
es             0x0      0
fs             0x0      0
gs             0x0      0
(gdb) continue
Continuing.

Breakpoint 9, 0x000000000040108e in phase_6 ()
(gdb) info register
rax            0x4      4
rbx            0x2      2
rcx            0x7fffffffe060   140737488347232
rdx            0x0      0
rsi            0x0      0
rdi            0x7fffffffda50   140737488345680
rbp            0x7fffffffe0a0   0x7fffffffe0a0
rsp            0x7fffffffe070   0x7fffffffe070
r8             0x2aaaab097060   46912502329440
r9             0x0      0
r10            0x0      0
r11            0x0      0
r12            0x7fffffffe0a0   140737488347296
r13            0x7fffffffe0a0   140737488347296
r14            0x1      1
r15            0x0      0
rip            0x40108e 0x40108e <phase_6+63>
eflags         0x297    [ CF PF AF SF IF ]
cs             0x33     51
ss             0x2b     43
---Type <return> to continue, or q <return> to quit---
ds             0x0      0
es             0x0      0
fs             0x0      0
gs             0x0      0
(gdb) continue
Continuing.

Breakpoint 9, 0x000000000040108e in phase_6 ()
(gdb) info register
rax            0x5      5
rbx            0x3      3
rcx            0x7fffffffe060   140737488347232
rdx            0x0      0
rsi            0x0      0
rdi            0x7fffffffda50   140737488345680
rbp            0x7fffffffe0a0   0x7fffffffe0a0
rsp            0x7fffffffe070   0x7fffffffe070
r8             0x2aaaab097060   46912502329440
r9             0x0      0
r10            0x0      0
r11            0x0      0
r12            0x7fffffffe0a0   140737488347296
r13            0x7fffffffe0a0   140737488347296
r14            0x1      1
r15            0x0      0
rip            0x40108e 0x40108e <phase_6+63>
eflags         0x293    [ CF AF SF IF ]
cs             0x33     51
ss             0x2b     43
---Type <return> to continue, or q <return> to quit---continue
ds             0x0      0
es             0x0      0
fs             0x0      0
gs             0x0      0
(gdb) continue
Continuing.

Breakpoint 9, 0x000000000040108e in phase_6 ()
(gdb) info register
rax            0x1      1
rbx            0x4      4
rcx            0x7fffffffe060   140737488347232
rdx            0x0      0
rsi            0x0      0
rdi            0x7fffffffda50   140737488345680
rbp            0x7fffffffe0a0   0x7fffffffe0a0
rsp            0x7fffffffe070   0x7fffffffe070
r8             0x2aaaab097060   46912502329440
r9             0x0      0
r10            0x0      0
r11            0x0      0
r12            0x7fffffffe0a0   140737488347296
r13            0x7fffffffe0a0   140737488347296
r14            0x1      1
r15            0x0      0
rip            0x40108e 0x40108e <phase_6+63>
eflags         0x202    [ IF ]
cs             0x33     51
ss             0x2b     43
---Type <return> to continue, or q <return> to quit---
ds             0x0      0
es             0x0      0
fs             0x0      0
gs             0x0      0
(gdb) continue
Continuing.

Breakpoint 9, 0x000000000040108e in phase_6 ()
(gdb) info register
rax            0x6      6
rbx            0x5      5
rcx            0x7fffffffe060   140737488347232
rdx            0x0      0
rsi            0x0      0
rdi            0x7fffffffda50   140737488345680
rbp            0x7fffffffe0a0   0x7fffffffe0a0
rsp            0x7fffffffe070   0x7fffffffe070
r8             0x2aaaab097060   46912502329440
r9             0x0      0
r10            0x0      0
r11            0x0      0
r12            0x7fffffffe0a0   140737488347296
r13            0x7fffffffe0a0   140737488347296
r14            0x1      1
r15            0x0      0
rip            0x40108e 0x40108e <phase_6+63>
eflags         0x293    [ CF AF SF IF ]
cs             0x33     51
ss             0x2b     43
---Type <return> to continue, or q <return> to quit---
ds             0x0      0
es             0x0      0
fs             0x0      0
gs             0x0      0
(gdb) continue
Continuing.

Breakpoint 8, 0x00000000004010a8 in phase_6 ()
(gdb) info register
rax            0x1      1
rbx            0x6      6
rcx            0x7fffffffe060   140737488347232
rdx            0x0      0
rsi            0x0      0
rdi            0x7fffffffda50   140737488345680
rbp            0x7fffffffe0a4   0x7fffffffe0a4
rsp            0x7fffffffe070   0x7fffffffe070
r8             0x2aaaab097060   46912502329440
r9             0x0      0
r10            0x0      0
r11            0x0      0
r12            0x7fffffffe0a0   140737488347296
r13            0x7fffffffe0a4   140737488347300
r14            0x1      1
r15            0x0      0
rip            0x4010a8 0x4010a8 <phase_6+89>
eflags         0x297    [ CF PF AF SF IF ]
cs             0x33     51
ss             0x2b     43
---Type <return> to continue, or q <return> to quit---
ds             0x0      0
es             0x0      0
fs             0x0      0
gs             0x0      0
(gdb) continue
Continuing.

Breakpoint 9, 0x000000000040108e in phase_6 ()
(gdb) continue
Continuing.

Breakpoint 9, 0x000000000040108e in phase_6 ()
(gdb) continue
Continuing.

Breakpoint 9, 0x000000000040108e in phase_6 ()
(gdb) continue
Continuing.

Breakpoint 9, 0x000000000040108e in phase_6 ()
(gdb) continue
Continuing.

Breakpoint 8, 0x00000000004010a8 in phase_6 ()
(gdb) continue
Continuing.

Breakpoint 9, 0x000000000040108e in phase_6 ()
(gdb) continue
Continuing.

Breakpoint 9, 0x000000000040108e in phase_6 ()
(gdb) continue
Continuing.

Breakpoint 9, 0x000000000040108e in phase_6 ()
(gdb) continue
Continuing.

Breakpoint 8, 0x00000000004010a8 in phase_6 ()
(gdb) continue
Continuing.

Breakpoint 9, 0x000000000040108e in phase_6 ()
(gdb) continue
Continuing.

Breakpoint 9, 0x000000000040108e in phase_6 ()
(gdb) continue
Continuing.

Breakpoint 8, 0x00000000004010a8 in phase_6 ()
(gdb) continue
Continuing.

Breakpoint 9, 0x000000000040108e in phase_6 ()
(gdb) continue
Continuing.

Breakpoint 8, 0x00000000004010a8 in phase_6 ()
(gdb) continue
Continuing.

Breakpoint 7, 0x000000000040115c in phase_6 ()
(gdb) continue
Continuing.

Breakpoint 7, 0x000000000040115c in phase_6 ()
(gdb) info register
rax            0x2ff    767
rbx            0x603330 6304560
rcx            0x1      1
rdx            0x603340 6304576
rsi            0x6      6
rdi            0x7fffffffda50   140737488345680
rbp            0x4      0x4
rsp            0x7fffffffe070   0x7fffffffe070
r8             0x2aaaab097060   46912502329440
r9             0x0      0
r10            0x0      0
r11            0x0      0
r12            0x7fffffffe0b8   140737488347320
r13            0x7fffffffe0b4   140737488347316
r14            0x6      6
r15            0x0      0
rip            0x40115c 0x40115c <phase_6+269>
eflags         0x297    [ CF PF AF SF IF ]
cs             0x33     51
ss             0x2b     43
---Type <return> to continue, or q <return> to quit---
ds             0x0      0
es             0x0      0
fs             0x0      0
gs             0x0      0
(gdb) continue
Continuing.

Breakpoint 10, 0x000000000040115e in phase_6 ()
(gdb) continue
Continuing.

BOOM!!!
The bomb has blown up.
[Inferior 1 (process 18369) exited with code 010]
(gdb) run
Starting program: /home/edusc03/edusc03-032/Assignment2/bomb32/bomb 
Welcome to my fiendish little bomb. You have 6 phases with
which to blow yourself up. Have a nice day!
The future will be better tomorrow.
Phase 1 defused. How about the next one?
1 2 4 7 11 16
That's number 2.  Keep going!
2 684
Halfway there!
9 27
So you got that one.  Try this one.
5 115
Good work!  On to the next...
3 2 4 5 1 6

Breakpoint 6, 0x000000000040104f in phase_6 ()
(gdb) x/24w 0x6032f0 
0x6032f0 <node1>:       518     1       6304512 0
0x603300 <node2>:       654     2       6304528 0
0x603310 <node3>:       767     3       6304544 0
0x603320 <node4>:       626     4       6304560 0
0x603330 <node5>:       606     5       6304576 0
0x603340 <node6>:       136     6       0       0
(gdb) x/24x 0x6032f0 
0x6032f0 <node1>:       0x00000206      0x00000001      0x00603300      0x00000000
0x603300 <node2>:       0x0000028e      0x00000002      0x00603310      0x00000000
0x603310 <node3>:       0x000002ff      0x00000003      0x00603320      0x00000000
0x603320 <node4>:       0x00000272      0x00000004      0x00603330      0x00000000
0x603330 <node5>:       0x0000025e      0x00000005      0x00603340      0x00000000
0x603340 <node6>:       0x00000088      0x00000006      0x00000000      0x00000000
(gdb) info register
rax            0x603930 6306096
rbx            0x0      0
rcx            0xb      11
rdx            0x603930 6306096
rsi            0x5      5
rdi            0x603930 6306096
rbp            0x0      0x0
rsp            0x7fffffffe0e8   0x7fffffffe0e8
r8             0x2aaaaaad100c   46912496275468
r9             0x0      0
r10            0xb      11
r11            0x246    582
r12            0x400c50 4197456
r13            0x7fffffffe1d0   140737488347600
r14            0x0      0
r15            0x0      0
rip            0x40104f 0x40104f <phase_6>
eflags         0x206    [ PF IF ]
cs             0x33     51
ss             0x2b     43
---Type <return> to continue, or q <return> to quit---
ds             0x0      0
es             0x0      0
fs             0x0      0
gs             0x0      0
(gdb) continue
Continuing.

Breakpoint 11, 0x0000000000401073 in phase_6 ()
(gdb) continue
Continuing.

Breakpoint 8, 0x00000000004010a8 in phase_6 ()
(gdb) continue
Continuing.

Breakpoint 9, 0x000000000040108e in phase_6 ()
(gdb) continue
Continuing.

Breakpoint 9, 0x000000000040108e in phase_6 ()
(gdb) continue
Continuing.

Breakpoint 9, 0x000000000040108e in phase_6 ()
(gdb) continue
Continuing.

Breakpoint 9, 0x000000000040108e in phase_6 ()
(gdb) continue
Continuing.

Breakpoint 9, 0x000000000040108e in phase_6 ()
(gdb) continue
Continuing.

Breakpoint 8, 0x00000000004010a8 in phase_6 ()
(gdb) continue
Continuing.

Breakpoint 9, 0x000000000040108e in phase_6 ()
(gdb) continue
Continuing.

Breakpoint 9, 0x000000000040108e in phase_6 ()
(gdb) continue
Continuing.

Breakpoint 9, 0x000000000040108e in phase_6 ()
(gdb) continue
Continuing.

Breakpoint 9, 0x000000000040108e in phase_6 ()
(gdb) continue
Continuing.

Breakpoint 8, 0x00000000004010a8 in phase_6 ()
(gdb) continue
Continuing.

Breakpoint 9, 0x000000000040108e in phase_6 ()
(gdb) continue
Continuing.

Breakpoint 9, 0x000000000040108e in phase_6 ()
(gdb) continue
Continuing.

Breakpoint 9, 0x000000000040108e in phase_6 ()
(gdb) continue
Continuing.

Breakpoint 8, 0x00000000004010a8 in phase_6 ()
(gdb) continue
Continuing.

Breakpoint 9, 0x000000000040108e in phase_6 ()
(gdb) continue
Continuing.

Breakpoint 9, 0x000000000040108e in phase_6 ()
(gdb) continue
Continuing.

Breakpoint 8, 0x00000000004010a8 in phase_6 ()
(gdb) continue
Continuing.

Breakpoint 9, 0x000000000040108e in phase_6 ()
(gdb) continue
Continuing.

Breakpoint 8, 0x00000000004010a8 in phase_6 ()
(gdb) continue
Continuing.

Breakpoint 7, 0x000000000040115c in phase_6 ()
(gdb) info register
rax            0x25e    606
rbx            0x603320 6304544
rcx            0x1      1
rdx            0x603340 6304576
rsi            0x6      6
rdi            0x7fffffffda50   140737488345680
rbp            0x5      0x5
rsp            0x7fffffffe070   0x7fffffffe070
r8             0x2aaaab097060   46912502329440
r9             0x0      0
r10            0x0      0
r11            0x0      0
r12            0x7fffffffe0b8   140737488347320
r13            0x7fffffffe0b4   140737488347316
r14            0x6      6
r15            0x0      0
rip            0x40115c 0x40115c <phase_6+269>
eflags         0x216    [ PF AF IF ]
cs             0x33     51
ss             0x2b     43
---Type <return> to continue, or q <return> to quit---
ds             0x0      0
es             0x0      0
fs             0x0      0
gs             0x0      0
(gdb) x/24x 0x6032f0 
0x6032f0 <node1>:       0x00000206      0x00000001      0x00000000      0x00000000
0x603300 <node2>:       0x0000028e      0x00000002      0x00603340      0x00000000
0x603310 <node3>:       0x000002ff      0x00000003      0x00603300      0x00000000
0x603320 <node4>:       0x00000272      0x00000004      0x00603330      0x00000000
0x603330 <node5>:       0x0000025e      0x00000005      0x00603310      0x00000000
0x603340 <node6>:       0x00000088      0x00000006      0x006032f0      0x00000000
(gdb) x/24w 0x6032f0 
0x6032f0 <node1>:       0x00000206      0x00000001      0x00000000      0x00000000
0x603300 <node2>:       0x0000028e      0x00000002      0x00603340      0x00000000
0x603310 <node3>:       0x000002ff      0x00000003      0x00603300      0x00000000
0x603320 <node4>:       0x00000272      0x00000004      0x00603330      0x00000000
0x603330 <node5>:       0x0000025e      0x00000005      0x00603310      0x00000000
0x603340 <node6>:       0x00000088      0x00000006      0x006032f0      0x00000000
(gdb) x/24x 0x603320
0x603320 <node4>:       0x00000272      0x00000004      0x00603330      0x00000000
0x603330 <node5>:       0x0000025e      0x00000005      0x00603310      0x00000000
0x603340 <node6>:       0x00000088      0x00000006      0x006032f0      0x00000000
0x603350 <bomb_id>:     0x00000020      0x00000000      0x00000000      0x00000000
0x603360 <host_table>:  0x004024a9      0x00000000      0x004024b6      0x00000000
0x603370 <host_table+16>:       0x004024c2      0x00000000      0x00000000      0x00000000
(gdb) x/24d 0x603320
0x603320 <node4>:       626     4       6304560 0
0x603330 <node5>:       606     5       6304528 0
0x603340 <node6>:       136     6       6304496 0
0x603350 <bomb_id>:     32      0       0       0
0x603360 <host_table>:  4203689 0       4203702 0
0x603370 <host_table+16>:       4203714 0       0       0
(gdb) continue
Continuing.

Breakpoint 7, 0x000000000040115c in phase_6 ()
(gdb) info register
rax            0x2ff    767
rbx            0x603330 6304560
rcx            0x1      1
rdx            0x603340 6304576
rsi            0x6      6
rdi            0x7fffffffda50   140737488345680
rbp            0x4      0x4
rsp            0x7fffffffe070   0x7fffffffe070
r8             0x2aaaab097060   46912502329440
r9             0x0      0
r10            0x0      0
r11            0x0      0
r12            0x7fffffffe0b8   140737488347320
r13            0x7fffffffe0b4   140737488347316
r14            0x6      6
r15            0x0      0
rip            0x40115c 0x40115c <phase_6+269>
eflags         0x297    [ CF PF AF SF IF ]
cs             0x33     51
ss             0x2b     43
---Type <return> to continue, or q <return> to quit---
ds             0x0      0
es             0x0      0
fs             0x0      0
gs             0x0      0
(gdb) x/24d 0x603330
0x603330 <node5>:       606     5       6304528 0
0x603340 <node6>:       136     6       6304496 0
0x603350 <bomb_id>:     32      0       0       0
0x603360 <host_table>:  4203689 0       4203702 0
0x603370 <host_table+16>:       4203714 0       0       0
0x603380 <host_table+32>:       0       0       0       0
(gdb) x/24d 0x2aaaab097060
0x2aaaab097060 <_nl_global_locale>:     -1425454656     10922   -1425453312     10922
0x2aaaab097070 <_nl_global_locale+16>:  -1425453184     10922   -1425451392     10922
0x2aaaab097080 <_nl_global_locale+32>:  -1425453760     10922   -1425453888     10922
0x2aaaab097090 <_nl_global_locale+48>:  0       0       -1425452224     10922
0x2aaaab0970a0 <_nl_global_locale+64>:  -1425452128     10922   -1425452000     10922
0x2aaaab0970b0 <_nl_global_locale+80>:  -1425451808     10922   -1425451680     10922
(gdb) x/24x 0x2aaaab097060
0x2aaaab097060 <_nl_global_locale>:     0xab0949c0      0x00002aaa      0xab094f00      0x00002aaa
0x2aaaab097070 <_nl_global_locale+16>:  0xab094f80      0x00002aaa      0xab095680      0x00002aaa
0x2aaaab097080 <_nl_global_locale+32>:  0xab094d40      0x00002aaa      0xab094cc0      0x00002aaa
0x2aaaab097090 <_nl_global_locale+48>:  0x00000000      0x00000000      0xab095340      0x00002aaa
0x2aaaab0970a0 <_nl_global_locale+64>:  0xab0953a0      0x00002aaa      0xab095420      0x00002aaa
0x2aaaab0970b0 <_nl_global_locale+80>:  0xab0954e0      0x00002aaa      0xab095560      0x00002aaa
(gdb) x/w $rsp
0x7fffffffe070: 0x00603320
(gdb) delete
Delete all breakpoints? (y or n) y
(gdb) break phase_6
Breakpoint 12 at 0x40104f
(gdb) break *0x40105b
Breakpoint 13 at 0x40105b
(gdb) break *0x401065
Breakpoint 14 at 0x401065
(gdb) run
The program being debugged has been started already.
Start it from the beginning? (y or n) y
Starting program: /home/edusc03/edusc03-032/Assignment2/bomb32/bomb 
Welcome to my fiendish little bomb. You have 6 phases with
which to blow yourself up. Have a nice day!
The future will be better tomorrow.
Phase 1 defused. How about the next one?
1 2 4 7 11 16
That's number 2.  Keep going!
2 684
Halfway there!
9 27
So you got that one.  Try this one.
5 115
Good work!  On to the next...
3 2 4 5 1 6

Breakpoint 12, 0x000000000040104f in phase_6 ()
(gdb) continue
Continuing.

Breakpoint 13, 0x000000000040105b in phase_6 ()
(gdb) info register
rax            0x603930 6306096
rbx            0x0      0
rcx            0xb      11
rdx            0x603930 6306096
rsi            0x5      5
rdi            0x603930 6306096
rbp            0x0      0x0
rsp            0x7fffffffe070   0x7fffffffe070
r8             0x2aaaaaad100c   46912496275468
r9             0x0      0
r10            0xb      11
r11            0x246    582
r12            0x400c50 4197456
r13            0x7fffffffe1d0   140737488347600
r14            0x0      0
r15            0x0      0
rip            0x40105b 0x40105b <phase_6+12>
eflags         0x202    [ IF ]
cs             0x33     51
ss             0x2b     43
---Type <return> to continue, or q <return> to quit---
ds             0x0      0
es             0x0      0
fs             0x0      0
gs             0x0      0
(gdb) x/w $rsp
0x7fffffffe070: 0xab097400
(gdb) continue
Continuing.

Breakpoint 14, 0x0000000000401065 in phase_6 ()
(gdb) info register
rax            0x6      6
rbx            0x0      0
rcx            0x7fffffffe060   140737488347232
rdx            0x0      0
rsi            0x0      0
rdi            0x7fffffffda50   140737488345680
rbp            0x0      0x0
rsp            0x7fffffffe070   0x7fffffffe070
r8             0x2aaaab097060   46912502329440
r9             0x0      0
r10            0x0      0
r11            0x0      0
r12            0x400c50 4197456
r13            0x7fffffffe1d0   140737488347600
r14            0x0      0
r15            0x0      0
rip            0x401065 0x401065 <phase_6+22>
eflags         0x202    [ IF ]
cs             0x33     51
ss             0x2b     43
---Type <return> to continue, or q <return> to quit---
ds             0x0      0
es             0x0      0
fs             0x0      0
gs             0x0      0
(gdb) x/w $rsp
0x7fffffffe070: 0xab097400
(gdb) x/w $r14
0x0:    Cannot access memory at address 0x0
(gdb) x/w $r13
0x7fffffffe1d0: 0x00000001
(gdb) x/s $r13
0x7fffffffe1d0: "\001"
(gdb) x/s $r12
0x400c50 <_start>:      "1\355I\211\321^H\211\342H\203\344\360PTI\307\300"
(gdb) stepi
0x000000000040106a in phase_6 ()
(gdb) x/s $r12
0x7fffffffe0a0: "\003"
(gdb) x/s $rsp
0x7fffffffe070: ""
(gdb) x/s $rsp+8
0x7fffffffe078: "@v\t\253\252*"
(gdb) x/s $rsp+38
0x7fffffffe096: ""
(gdb) x/s $rsp+48
0x7fffffffe0a0: "\003"
(gdb) x/s $rsp+16
0x7fffffffe080: "09`"
(gdb) x/s $rsp+32
0x7fffffffe090: "\320\341\377\377\377\177"
(gdb) x/s $rsp+48
0x7fffffffe0a0: "\003"
(gdb) run
The program being debugged has been started already.
Start it from the beginning? (y or n) y
Starting program: /home/edusc03/edusc03-032/Assignment2/bomb32/bomb 
Welcome to my fiendish little bomb. You have 6 phases with
which to blow yourself up. Have a nice day!
The future will be better tomorrow.
Phase 1 defused. How about the next one?
1 2 4 7 11 16
That's number 2.  Keep going!
2 684
Halfway there!
9 27
So you got that one.  Try this one.
5 115
Good work!  On to the next...
4 5 3 2 6 1

Breakpoint 12, 0x000000000040104f in phase_6 ()
(gdb) continue
Continuing.

Breakpoint 13, 0x000000000040105b in phase_6 ()
(gdb) continue
Continuing.

Breakpoint 14, 0x0000000000401065 in phase_6 ()
(gdb) continue
Continuing.
Congratulations! You've defused the bomb!
[Inferior 1 (process 19058) exited normally]
(gdb) delete
Delete all breakpoints? (y or n) y
(gdb) ./bomb psol.txt
Undefined command: "".  Try "help".
(gdb) run
Starting program: /home/edusc03/edusc03-032/Assignment2/bomb32/bomb 
Welcome to my fiendish little bomb. You have 6 phases with
which to blow yourself up. Have a nice day!
The future will be better tomorrow.
Phase 1 defused. How about the next one?
1 2 4 7 11 16
That's number 2.  Keep going!
2 684
Halfway there!
9 27
So you got that one.  Try this one.
5 115
Good work!  On to the next...
4 5 3 2 6 1
Congratulations! You've defused the bomb!
[Inferior 1 (process 19074) exited normally]
(gdb) 